

<!DOCTYPE html>
<html>
<head>
<meta charset="UTF-8">
<meta name="viewport" content="width=device-width, initial-scale=1, shrink-to-fit=no">
<title>Extent Report</title>
<link rel="apple-touch-icon" href="https://cdn.jsdelivr.net/gh/extent-framework/extent-github-cdn@b00a2d0486596e73dd7326beacf352c639623a0e/commons/img/logo.png">
<link rel="shortcut icon" href="https://cdn.jsdelivr.net/gh/extent-framework/extent-github-cdn@b00a2d0486596e73dd7326beacf352c639623a0e/commons/img/logo.png">
<link href="https://cdn.jsdelivr.net/gh/extent-framework/extent-github-cdn@d6562a79075e061305ccfdb82f01e5e195e2d307/spark/css/spark-style.css" rel="stylesheet" />
<link href="https://stackpath.bootstrapcdn.com/font-awesome/4.7.0/css/font-awesome.min.css" rel="stylesheet">
<script src="https://cdn.jsdelivr.net/gh/extent-framework/extent-github-cdn@7cc78ce/spark/js/jsontree.js"></script>
<style type="text/css"></style></head><body class="spa bdd-report dark">
  <div class="app">
    <div class="layout">
<div class="header navbar">
<div class="vheader">
<div class="nav-logo">
<a href="#">
<div class="logo" style="background-image: url('https://cdn.jsdelivr.net/gh/extent-framework/extent-github-cdn@b00a2d0486596e73dd7326beacf352c639623a0e/commons/img/logo.png')"></div>
</a>
</div>
<ul class="nav-left">
<li class="search-box">
<a class="search-toggle" href="#">
<i class="search-icon fa fa-search"></i>
<i class="search-icon-close fa fa-close"></i>
</a>
</li>
<li class="search-input"><input id="search-tests" class="form-control" type="text" placeholder="Search..."></li>
</ul>
<ul class="nav-right">
<li class="m-r-10">
<a href="#"><span class="badge badge-primary">car-guru-cucumber</span></a>
</li>
<li class="m-r-10">
<a href="#"><span class="badge badge-primary">Jan 1, 2024 03:06:20 pm</span></a>
</li>
</ul>
</div>
</div><div class="side-nav">
<div class="side-nav-inner">
<ul class="side-nav-menu">
<li class="nav-item dropdown" onclick="toggleView('dashboard-view')">
<a id="nav-dashboard" class="dropdown-toggle" href="#">
<span class="ico"><i class="fa fa-bar-chart"></i></span>
</a>
</li>
<li class="nav-item dropdown" onclick="toggleView('test-view')">
<a id="nav-test" class="dropdown-toggle" href="#">
<span class="ico"><i class="fa fa-list"></i></span>
</a>
</li>
<li class="nav-item dropdown" onclick="toggleView('category-view')">
<a id="nav-category" class="dropdown-toggle" href="#">
<span class="ico"><i class="fa fa-tag"></i></span>
</a>
</li>
<li class="nav-item dropdown" onclick="toggleView('exception-view')">
<a id="nav-exception" class="dropdown-toggle" href="#">
<span class="ico"><i class="fa fa-bug"></i></span>
</a>
</li>
</ul>
</div>
</div>      <div class="vcontainer">
        <div class="main-content">
<div class="container-fluid p-4 view dashboard-view">
<div class="row">
<div class="col-md-3">
<div class="card"><div class="card-body">
<p class="m-b-0">Started</p>
<h3>Jan 1, 2024 03:06:20 pm</h3>
</div></div>
</div>
<div class="col-md-3">
<div class="card"><div class="card-body">
<p class="m-b-0">Ended</p>
<h3>Jan 1, 2024 03:15:40 pm</h3>
</div></div>
</div>
<div class="col-md-3">
<div class="card"><div class="card-body">
<p class="m-b-0 text-pass">Features Passed</p>
<h3>1</h3>
</div></div>
</div>
<div class="col-md-3">
<div class="card"><div class="card-body">
<p class="m-b-0 text-fail">Features Failed</p>
<h3>5</h3>
</div></div>
</div>
</div>
<div class="row">
<div class="col-md-4">
<div class="card">
<div class="card-header">
<h6 class="card-title">Features</h6>
</div>
<div class="card-body">
<div class="">
<canvas id='parent-analysis' width='115' height='90'></canvas>
</div>
</div>
<div class="card-footer">
<div><small data-tooltip='16%'>
<b>1</b> features passed
</small>
</div>
<div>
<small data-tooltip='83%'><b>5</b> features failed,
<b>0</b> skipped, <b data-tooltip='0%'>0</b> others
</small>
</div>
</div>
</div>
</div>
<div class="col-md-4">
<div class="card">
<div class="card-header">
<h6 class="card-title">Scenarios</h6>
</div>
<div class="card-body">
<div class="">
<canvas id='child-analysis' width='115' height='90'></canvas>
</div>
</div>
<div class="card-footer">
<div><small data-tooltip='52%'><b>11</b> scenarios passed</small></div>
<div>
<small data-tooltip='47%'><b>10</b> scenarios failed,
<b>0</b> skipped, <b data-tooltip='%'>0</b> others
</small>
</div>
</div>
</div>
</div>
<div class="col-md-4">
<div class="card">
<div class="card-header">
<h6 class="card-title">Steps</h6>
</div>
<div class="card-body">
<div class="">
<canvas id='grandchild-analysis' width='115' height='90'></canvas>
</div>
</div>
<div class="card-footer">
<div><small data-tooltip='76%'><b>143</b> steps passed</small></div>
<div>
<small data-tooltip='8%'><b>16</b> steps failed,
<b>28</b> skipped, <b data-tooltip='%'>0</b> others
</small>
</div>
</div>
</div>
</div>
</div>
<div class="row"><div class="col-md-12">
<div class="card"><div class="card-header"><p>Timeline</p></div>
<div class="card-body pt-0"><div>
<canvas id="timeline" height="120"></canvas>
</div></div>
</div>
</div></div>
<script>
var timeline = {
"As a user":175.886,"Homepage feature":30.999,"Product page":118.027,"Contact Us Page":55.323,"Login functionality":102.776,"Login functionality":75.415
};
</script>
<div class="row">
<div class="col-lg-6 col-md-12 category-container">
<div class="card">
<div class="card-header"><p>Tags</p></div>
<div class="card-body pb-0 pt-0"><table class="table table-sm table-bordered">
<thead><tr class="bg-gray"><th>Name</th><th>Passed</th><th>Failed</th><th>Skipped</th><th>Others</th><th>Passed %</th></tr></thead><tbody>
<tr>
<td>@author_Amruta</td>
<td>0</td>
<td>2</td>
<td>0</td>
<td>0</td>
<td>0%</td>
</tr>
<tr>
<td>@regression</td>
<td>11</td>
<td>10</td>
<td>0</td>
<td>0</td>
<td>52.381%</td>
</tr>
</tbody>
</table></div>
</div>
</div>
<div class="col-lg-6 col-md-12 sysenv-container">
<div class="card">
<div class="card-header"><p>System/Environment</p></div>
<div class="card-body pb-0 pt-0"><table class="table table-sm table-bordered">
<thead><tr class="bg-gray"><th>Name</th><th>Value</th></tr></thead>
<tbody>
<tr>
<td>Engineer</td>
<td>Amruta</td>
</tr>
<tr>
<td>Project</td>
<td>automation-exercise-cucumber</td>
</tr>
<tr>
<td>os</td>
<td>Windows</td>
</tr>
</tbody>
</table></div>
</div>
</div>
</div>
</div>
<script>
var statusGroup = {
parentCount: 5,
passParent: 1,
failParent: 5,
warningParent: 0,
skipParent: 0,
childCount: 5,
passChild: 11,
failChild: 10,
warningChild: 0,
skipChild: 0,
infoChild: 0,
grandChildCount: 5,
passGrandChild: 143,
failGrandChild: 16,
warningGrandChild: 0,
skipGrandChild: 28,
infoGrandChild: 0,
eventsCount: 5,
};
</script><div class="test-wrapper row view test-view">
  <div class="test-list">
    <div class="test-list-tools">
<ul class="tools pull-left">
<li><a href="#"><span class="font-size-14">Tests</span></a></li>
</ul>
<ul class="tools text-right">
<li class="dropdown">
<a href="#" class="dropdown-toggle" data-toggle="dropdown"><i class="fa fa-exclamation-circle"></i></a>
<ul id="status-toggle" class="dropdown-menu dropdown-md p-v-0">
<a class="dropdown-item" status="pass" href="#"><span>Pass</span><span class="status success"></span></a>
<a class="dropdown-item" status="fail" href="#"><span>Fail</span><span class="status danger"></span></a>
<div class="dropdown-divider"></div>
<a status="clear" class="dropdown-item" href="#"><span>Clear</span><span class="pull-right"><i class="fa fa-close"></i></span></a>
</ul>
</li>
<li class="dropdown">
<a href="#" class="dropdown-toggle" data-toggle="dropdown"><i class="fa fa-tag"></i></a>
<ul id="tag-toggle" class="dropdown-menu dropdown-md p-v-0">
<a class="dropdown-item" href="#">@author_Amruta</a><a class="dropdown-item" href="#">@regression</a>
</ul>
</li>
</ul>
</div>    <div class="test-list-wrapper scrollable">
      <ul class="test-list-item">
        <li class="test-item"  status="fail" test-id="1"
          author=""
          tag=""
          device="">
          <div class="test-detail">
            <p class="name">As a user</p>
            <p class="text-sm">
              <span>15:06:22</span> / <span>00:02:55:886</span>
              <span class="badge fail-bg log float-right">Fail</span>
            </p>
          </div>
          <div class="test-contents d-none">
<div class="detail-head">
<div class="p-v-10">
<div class="info">
<h5 class="test-status text-fail">As a user</h5>
<span class='badge badge-success'>01.01.2024 15:06:22</span>
<span class='badge badge-danger'>01.01.2024 15:09:18</span>
<span class='badge badge-default'>00:02:55:886</span>
&middot; <span class='uri-anchor badge badge-default'>#test-id=1</span>
<span class='badge badge-default pointer float-right ml-1 et'><i class="fa fa-chevron-down"></i></span>
<span class='badge badge-default pointer float-right ct'><i class="fa fa-chevron-up"></i></span>
</div>
<div class="m-t-10 m-l-5"></div>
</div>
</div>
<div class="accordion mt-4">
  <div class="card">
    <div class="card-header" role="tab">
      <div class="card-title">
        <div class="node" id="2"><span class="badge log pass-bg mr-2">Pass</span>Verify Test Cases Page</div>
      </div>
    </div>
        <div class="collapse">
          <div class="card-body">
              <div class="step pass-bg" title="com.automationexercise.steps.RegisterSteps.iAmOnHomepage()">
                <span>Given I am on homepage</span>
      <div>
      </div>
              </div>
              <div class="step pass-bg" title="com.automationexercise.steps.ExtraSteps.clickOnTestCasesButton()">
                <span>When Click on Test Cases button</span>
      <div>
      </div>
              </div>
              <div class="step pass-bg" title="com.automationexercise.steps.ExtraSteps.verifyUserIsNavigatedToTestCasesPageSuccessfully()">
                <span>Then Verify user is navigated to test cases page successfully</span>
      <div>
      </div>
              </div>
          </div>
        </div>
  </div>
  <div class="card">
    <div class="card-header" role="tab">
      <div class="card-title">
        <div class="node" id="8"><span class="badge log pass-bg mr-2">Pass</span>Verify Subscription in home page</div>
      </div>
    </div>
        <div class="collapse">
          <div class="card-body">
              <div class="step pass-bg" title="com.automationexercise.steps.RegisterSteps.iAmOnHomepage()">
                <span>Given I am on homepage</span>
      <div>
      </div>
              </div>
              <div class="step pass-bg" title="com.automationexercise.steps.ExtraSteps.scrollDownToFooter()">
                <span>When Scroll down to footer</span>
      <div>
      </div>
              </div>
              <div class="step pass-bg" title="com.automationexercise.steps.ExtraSteps.verifyTextSUBSCRIPTION(java.lang.String)">
                <span>Then Verify text 'SUBSCRIPTION'</span>
      <div>
      </div>
              </div>
              <div class="step pass-bg" title="com.automationexercise.steps.ExtraSteps.enterEmailAddressInInputAndClickArrowButton(java.lang.String)">
                <span>And Enter email address "amruta123@gmail.com" in input and click arrow button</span>
      <div>
      </div>
              </div>
              <div class="step pass-bg" title="com.automationexercise.steps.ExtraSteps.verifySuccessMessageYouHaveBeenSuccessfullySubscribedIsVisible()">
                <span>And Verify success message You have been successfully subscribed! is visible</span>
      <div>
      </div>
              </div>
          </div>
        </div>
  </div>
  <div class="card">
    <div class="card-header" role="tab">
      <div class="card-title">
        <div class="node" id="16"><span class="badge log pass-bg mr-2">Pass</span>Verify Subscription in Cart page</div>
      </div>
    </div>
        <div class="collapse">
          <div class="card-body">
              <div class="step pass-bg" title="com.automationexercise.steps.RegisterSteps.iAmOnHomepage()">
                <span>Given I am on homepage</span>
      <div>
      </div>
              </div>
              <div class="step pass-bg" title="com.automationexercise.steps.ExtraSteps.clickCartButton()">
                <span>When Click Cart button</span>
      <div>
      </div>
              </div>
              <div class="step pass-bg" title="com.automationexercise.steps.ExtraSteps.scrollDownToFooter()">
                <span>Then Scroll down to footer</span>
      <div>
      </div>
              </div>
              <div class="step pass-bg" title="com.automationexercise.steps.ExtraSteps.verifyTextSUBSCRIPTION(java.lang.String)">
                <span>And Verify text 'SUBSCRIPTION'</span>
      <div>
      </div>
              </div>
              <div class="step pass-bg" title="com.automationexercise.steps.ExtraSteps.enterEmailAddressInInputAndClickArrowButton(java.lang.String)">
                <span>And Enter email address "amruta123@gmail.com" in input and click arrow button</span>
      <div>
      </div>
              </div>
              <div class="step pass-bg" title="com.automationexercise.steps.ExtraSteps.verifySuccessMessageYouHaveBeenSuccessfullySubscribedIsVisible()">
                <span>And Verify success message You have been successfully subscribed! is visible</span>
      <div>
      </div>
              </div>
          </div>
        </div>
  </div>
  <div class="card">
    <div class="card-header" role="tab">
      <div class="card-title">
        <div class="node" id="25"><span class="badge log fail-bg mr-2">Fail</span>User should Place Order: Register while Checkout</div>
          <div class="status-avatar float-right mr-4">
            <i class="fa fa-paperclip"></i>
          </div>
      </div>
    </div>
        <div class="">
          <div class="card-body">
              <div class="step pass-bg" title="com.automationexercise.steps.RegisterSteps.iAmOnHomepage()">
                <span>Given I am on homepage</span>
      <div>
      </div>
              </div>
              <div class="step pass-bg" title="com.automationexercise.steps.ExtraSteps.iAddProductToTheCart(java.lang.String)">
                <span>When I add product "Blue Top" to the cart</span>
      <div>
      </div>
              </div>
              <div class="step pass-bg" title="com.automationexercise.steps.ExtraSteps.iClickOnViewCartInPopup()">
                <span>And I click on view cart in popup</span>
      <div>
      </div>
              </div>
              <div class="step pass-bg" title="com.automationexercise.steps.ExtraSteps.iShouldSeeTheWelcomeTextOnShoppingCartPage(java.lang.String)">
                <span>And I should see the welcome text on shopping cart page "Shopping Cart"</span>
      <div>
      </div>
              </div>
              <div class="step pass-bg" title="com.automationexercise.steps.ExtraSteps.iClickOnProceedToCheckoutButton()">
                <span>And I click on Proceed to Checkout button</span>
      <div>
      </div>
              </div>
              <div class="step pass-bg" title="com.automationexercise.steps.ExtraSteps.iClickOnRegisterLinkInTheCheckoutPopup()">
                <span>And I click on register link in the checkout popup</span>
      <div>
      </div>
              </div>
              <div class="step pass-bg" title="com.automationexercise.steps.ExtraSteps.iSendNameAndEmailToSignup(java.lang.String,java.lang.String)">
                <span>And I send name "Amruta" and email "jeet123" to signup</span>
      <div>
      </div>
              </div>
              <div class="step pass-bg" title="com.automationexercise.steps.ExtraSteps.iClickOnButton(java.lang.String)">
                <span>And I click on button "Signup"</span>
      <div>
      </div>
              </div>
              <div class="step pass-bg" title="com.automationexercise.steps.ExtraSteps.iFillAllDetailsInSignupPage(java.lang.String,java.lang.String,java.lang.String,java.lang.String,java.lang.String,java.lang.String,java.lang.String,java.lang.String,java.lang.String,java.lang.String,java.lang.String,java.lang.String,java.lang.String,java.lang.String)">
                <span>And I fill all details in signup page "Mrs","People123","1","January","2021","Shraddha","Malaviya","449A kingston","Epsom","India","London","Kingston","KT190GB","0987654321"</span>
      <div>
      </div>
              </div>
              <div class="step pass-bg" title="com.automationexercise.steps.ExtraSteps.iClickOnCreateAccountButton()">
                <span>And I click on Create Account button</span>
      <div>
      </div>
              </div>
              <div class="step pass-bg" title="com.automationexercise.steps.ExtraSteps.iSeeAccountCreatedMessage(java.lang.String)">
                <span>Then I see account created message "ACCOUNT CREATED!"</span>
      <div>
      </div>
              </div>
              <div class="step pass-bg" title="com.automationexercise.steps.ExtraSteps.iClickOnContinueButton()">
                <span>And I click on continue button</span>
      <div>
      </div>
              </div>
              <div class="step fail-bg" title="com.automationexercise.steps.ExtraSteps.iShouldSeeTheText(java.lang.String,java.lang.String)">
                <span>Then I should see the text "Logged in as " "Shraddha"</span>
      <div>
        <textarea disabled class="code-block">java.lang.AssertionError: expected [Logged in as Shraddha] but found [Logged in as Amruta]
	at org.testng.Assert.fail(Assert.java:111)
	at org.testng.Assert.failNotEquals(Assert.java:1578)
	at org.testng.Assert.assertEqualsImpl(Assert.java:150)
	at org.testng.Assert.assertEquals(Assert.java:132)
	at org.testng.Assert.assertEquals(Assert.java:656)
	at org.testng.Assert.assertEquals(Assert.java:666)
	at com.automationexercise.steps.ExtraSteps.iShouldSeeTheText(ExtraSteps.java:121)
	at ✽.I should see the text "Logged in as " "Shraddha"(file:///C:/Users/JEET/IdeaProjects/automation-exercise-cucumber/src/test/resources/features/Extra.feature:42)
</textarea>
      
      </div>
              </div>
              <div class="step skip-bg" title="com.automationexercise.steps.ExtraSteps.iClickOnHeaderMenuOption(java.lang.String)">
                <span>And I click on header menu option "Cart"</span>
      <div>Step skipped
      </div>
              </div>
              <div class="step skip-bg" title="com.automationexercise.steps.ExtraSteps.iClickOnProceedToCheckoutButton()">
                <span>And I click on Proceed to Checkout button</span>
      <div>Step skipped
      </div>
              </div>
              <div class="step skip-bg" title="com.automationexercise.steps.ExtraSteps.iClickOnPlaceOrderButton()">
                <span>And I click on place order button</span>
      <div>Step skipped
      </div>
              </div>
              <div class="step skip-bg" title="com.automationexercise.steps.ExtraSteps.iEnterPaymentDetailsAnd(java.lang.String,java.lang.String,java.lang.String,java.lang.String,java.lang.String)">
                <span>And I enter payment details "Jeet Patel" "4263982640269299" "837" "02" and "2026"</span>
      <div>Step skipped
      </div>
              </div>
              <div class="step skip-bg" title="com.automationexercise.steps.ExtraSteps.iClickOnPayAndConfirmOrderButton()">
                <span>And I click on Pay and Confirm Order button</span>
      <div>Step skipped
      </div>
              </div>
              <div class="step skip-bg" title="com.automationexercise.steps.ExtraSteps.iShouldSeeTheOrderConfirmationMessage(java.lang.String)">
                <span>Then I should see the order confirmation message "Congratulations! Your order has been confirmed!"</span>
      <div>Step skipped
      </div>
              </div>
              <div class="step skip-bg" title="com.automationexercise.steps.ExtraSteps.iClickOnHeaderMenuOption(java.lang.String)">
                <span>And I click on header menu option "Delete Account"</span>
      <div>Step skipped
      </div>
              </div>
              <div class="step skip-bg" title="com.automationexercise.steps.ExtraSteps.iClickOnContinueButtonAfterDeletingAccount()">
                <span>And I click on continue button after deleting account</span>
      <div>Step skipped
      </div>
              </div>
              <div class="step pass-bg" title="AFTER">
                <span>com.automationexercise.steps.Hooks.tearDown(io.cucumber.java.Scenario)</span>
      <div>User should Place Order: Register while Checkout
          <div class="row mb-3"><div class="col-md-3">
<img data-featherlight='../screenshots/embedded1.png' src="../screenshots/embedded1.png">
    
    </div></div>
</div>
      <div>
      </div>
              </div>
          </div>
        </div>
  </div>
  <div class="card">
    <div class="card-header" role="tab">
      <div class="card-title">
        <div class="node" id="49"><span class="badge log pass-bg mr-2">Pass</span>User should Place Order: Register before Checkout</div>
      </div>
    </div>
        <div class="collapse">
          <div class="card-body">
              <div class="step pass-bg" title="com.automationexercise.steps.RegisterSteps.iAmOnHomepage()">
                <span>Given I am on homepage</span>
      <div>
      </div>
              </div>
              <div class="step pass-bg" title="com.automationexercise.steps.ExtraSteps.iClickOnHeaderMenuOption(java.lang.String)">
                <span>When I click on header menu option "Signup / Login"</span>
      <div>
      </div>
              </div>
              <div class="step pass-bg" title="com.automationexercise.steps.ExtraSteps.iSendNameAndEmailToSignup(java.lang.String,java.lang.String)">
                <span>And I send name "Amruta" and email "jeet123" to signup</span>
      <div>
      </div>
              </div>
              <div class="step pass-bg" title="com.automationexercise.steps.ExtraSteps.iClickOnButton(java.lang.String)">
                <span>And I click on button "Signup"</span>
      <div>
      </div>
              </div>
              <div class="step pass-bg" title="com.automationexercise.steps.ExtraSteps.iFillAllDetailsInSignupPage(java.lang.String,java.lang.String,java.lang.String,java.lang.String,java.lang.String,java.lang.String,java.lang.String,java.lang.String,java.lang.String,java.lang.String,java.lang.String,java.lang.String,java.lang.String,java.lang.String)">
                <span>And I fill all details in signup page "Mrs","People123","1","January","2021","Shraddha","Malaviya","449A kingston","Epsom","India","London","Kingston","KT190GB","0987654321"</span>
      <div>
      </div>
              </div>
              <div class="step pass-bg" title="com.automationexercise.steps.ExtraSteps.iClickOnCreateAccountButton()">
                <span>And I click on Create Account button</span>
      <div>
      </div>
              </div>
              <div class="step pass-bg" title="com.automationexercise.steps.ExtraSteps.iSeeAccountCreatedMessage(java.lang.String)">
                <span>Then I see account created message "ACCOUNT CREATED!"</span>
      <div>
      </div>
              </div>
              <div class="step pass-bg" title="com.automationexercise.steps.ExtraSteps.iClickOnContinueButton()">
                <span>And I click on continue button</span>
      <div>
      </div>
              </div>
              <div class="step pass-bg" title="com.automationexercise.steps.ExtraSteps.iShouldSeeTheText(java.lang.String,java.lang.String)">
                <span>Then I should see the text "Logged in as " "Amruta"</span>
      <div>
      </div>
              </div>
              <div class="step pass-bg" title="com.automationexercise.steps.ExtraSteps.iAddProductToTheCart(java.lang.String)">
                <span>And I add product "Blue Top" to the cart</span>
      <div>
      </div>
              </div>
              <div class="step pass-bg" title="com.automationexercise.steps.ExtraSteps.iClickOnViewCartInPopup()">
                <span>And I click on view cart in popup</span>
      <div>
      </div>
              </div>
              <div class="step pass-bg" title="com.automationexercise.steps.ExtraSteps.iShouldSeeTheWelcomeTextOnShoppingCartPage(java.lang.String)">
                <span>And I should see the welcome text on shopping cart page "Shopping Cart"</span>
      <div>
      </div>
              </div>
              <div class="step pass-bg" title="com.automationexercise.steps.ExtraSteps.iClickOnProceedToCheckoutButton()">
                <span>And I click on Proceed to Checkout button</span>
      <div>
      </div>
              </div>
              <div class="step pass-bg" title="com.automationexercise.steps.ExtraSteps.iClickOnPlaceOrderButton()">
                <span>And I click on place order button</span>
      <div>
      </div>
              </div>
              <div class="step pass-bg" title="com.automationexercise.steps.ExtraSteps.iEnterPaymentDetailsAnd(java.lang.String,java.lang.String,java.lang.String,java.lang.String,java.lang.String)">
                <span>And I enter payment details "Amruta Patel" "4263982640269299" "837" "02" and "2026"</span>
      <div>
      </div>
              </div>
              <div class="step pass-bg" title="com.automationexercise.steps.ExtraSteps.iClickOnPayAndConfirmOrderButton()">
                <span>And I click on Pay and Confirm Order button</span>
      <div>
      </div>
              </div>
              <div class="step pass-bg" title="com.automationexercise.steps.ExtraSteps.iShouldSeeTheOrderConfirmationMessage(java.lang.String)">
                <span>Then I should see the order confirmation message "Congratulations! Your order has been confirmed!"</span>
      <div>
      </div>
              </div>
              <div class="step pass-bg" title="com.automationexercise.steps.ExtraSteps.iClickOnHeaderMenuOption(java.lang.String)">
                <span>And I click on header menu option "Delete Account"</span>
      <div>
      </div>
              </div>
              <div class="step pass-bg" title="com.automationexercise.steps.ExtraSteps.iClickOnContinueButtonAfterDeletingAccount()">
                <span>And I click on continue button after deleting account</span>
      <div>
      </div>
              </div>
          </div>
        </div>
  </div>
  <div class="card">
    <div class="card-header" role="tab">
      <div class="card-title">
        <div class="node" id="71"><span class="badge log fail-bg mr-2">Fail</span>User should place the order successfully : Login before Checkout</div>
      </div>
    </div>
        <div class="">
          <div class="card-body">
              <div class="step pass-bg" title="com.automationexercise.steps.RegisterSteps.iAmOnHomepage()">
                <span>Given I am on homepage</span>
      <div>
      </div>
              </div>
              <div class="step pass-bg" title="com.automationexercise.steps.ExtraSteps.iClickOnHeaderMenuOption(java.lang.String)">
                <span>When I click on header menu option "Signup / Login"</span>
      <div>
      </div>
              </div>
              <div class="step pass-bg" title="com.automationexercise.steps.ExtraSteps.iShouldSeeTheLoginPageText(java.lang.String)">
                <span>Then I should see the login page text "Login to your account"</span>
      <div>
      </div>
              </div>
              <div class="step pass-bg" title="com.automationexercise.steps.ExtraSteps.iEnterEmailAndPasswordForLogin(java.lang.String,java.lang.String)">
                <span>And I enter "Amruta123@gmail.com" email and "Amruta@123" password for login</span>
      <div>
      </div>
              </div>
              <div class="step pass-bg" title="com.automationexercise.steps.ExtraSteps.iClickOnButton(java.lang.String)">
                <span>And I click on button "Login"</span>
      <div>
      </div>
              </div>
              <div class="step fail-bg" title="com.automationexercise.steps.ExtraSteps.iShouldSeeTheText(java.lang.String,java.lang.String)">
                <span>Then I should see the text "Logged in as " "Shraddha"</span>
      <div>
        <textarea disabled class="code-block">org.openqa.selenium.NoSuchElementException: Unable to find element with locator By.xpath: //li[10]//a[1]
For documentation on this error, please visit: https://www.selenium.dev/documentation/webdriver/troubleshooting/errors#no-such-element-exception
Build info: version: '4.15.0', revision: '1d14b5521b'
System info: os.name: 'Windows 10', os.arch: 'amd64', os.version: '10.0', java.version: '17.0.8'
Driver info: driver.version: RemoteWebDriver
	at org.openqa.selenium.remote.ElementLocation$ElementFinder$2.findElement(ElementLocation.java:168)
	at org.openqa.selenium.remote.ElementLocation.findElement(ElementLocation.java:59)
	at org.openqa.selenium.remote.RemoteWebDriver.findElement(RemoteWebDriver.java:364)
	at org.openqa.selenium.remote.RemoteWebDriver.findElement(RemoteWebDriver.java:358)
	at org.openqa.selenium.support.pagefactory.DefaultElementLocator.findElement(DefaultElementLocator.java:68)
	at org.openqa.selenium.support.pagefactory.internal.LocatingElementHandler.invoke(LocatingElementHandler.java:38)
	at jdk.proxy2/jdk.proxy2.$Proxy32.getText(Unknown Source)
	at com.automationexercise.utility.Utility.getTextFromElement(Utility.java:65)
	at com.automationexercise.pages.LoginPage.getLoggedInAsUserNameText(LoginPage.java:291)
	at com.automationexercise.steps.ExtraSteps.iShouldSeeTheText(ExtraSteps.java:121)
	at ✽.I should see the text "Logged in as " "Shraddha"(file:///C:/Users/JEET/IdeaProjects/automation-exercise-cucumber/src/test/resources/features/Extra.feature:81)
</textarea>
      
      </div>
              </div>
              <div class="step skip-bg" title="com.automationexercise.steps.ExtraSteps.iAddProductToTheCart(java.lang.String)">
                <span>And I add product "Blue Top" to the cart</span>
      <div>Step skipped
      </div>
              </div>
              <div class="step skip-bg" title="com.automationexercise.steps.ExtraSteps.iClickOnViewCartInPopup()">
                <span>And I click on view cart in popup</span>
      <div>Step skipped
      </div>
              </div>
              <div class="step skip-bg" title="com.automationexercise.steps.ExtraSteps.iShouldSeeTheWelcomeTextOnShoppingCartPage(java.lang.String)">
                <span>And I should see the welcome text on shopping cart page "Shopping Cart"</span>
      <div>Step skipped
      </div>
              </div>
              <div class="step skip-bg" title="com.automationexercise.steps.ExtraSteps.iClickOnProceedToCheckoutButton()">
                <span>And I click on Proceed to Checkout button</span>
      <div>Step skipped
      </div>
              </div>
              <div class="step skip-bg" title="com.automationexercise.steps.ExtraSteps.iClickOnPlaceOrderButton()">
                <span>And I click on place order button</span>
      <div>Step skipped
      </div>
              </div>
              <div class="step skip-bg" title="com.automationexercise.steps.ExtraSteps.iEnterPaymentDetailsAnd(java.lang.String,java.lang.String,java.lang.String,java.lang.String,java.lang.String)">
                <span>And I enter payment details "Amruta Patel" "4263982640269299" "837" "02" and "2026"</span>
      <div>Step skipped
      </div>
              </div>
              <div class="step skip-bg" title="com.automationexercise.steps.ExtraSteps.iClickOnPayAndConfirmOrderButton()">
                <span>And I click on Pay and Confirm Order button</span>
      <div>Step skipped
      </div>
              </div>
              <div class="step skip-bg" title="com.automationexercise.steps.ExtraSteps.iShouldSeeTheOrderConfirmationMessage(java.lang.String)">
                <span>Then I should see the order confirmation message "Congratulations! Your order has been confirmed!"</span>
      <div>Step skipped
      </div>
              </div>
              <div class="step skip-bg" title="com.automationexercise.steps.ExtraSteps.iClickOnHeaderMenuOptionLogout()">
                <span>And I click on header menu option Logout</span>
      <div>Step skipped
      </div>
              </div>
              <div class="step fail-bg" title="AFTER">
                <span>com.automationexercise.steps.Hooks.tearDown(io.cucumber.java.Scenario)</span>
      <div>
        <textarea disabled class="code-block">org.openqa.selenium.NoSuchWindowException: no such window: target window already closed
from unknown error: web view not found
  (Session info: chrome=120.0.6099.130)
Build info: version: '4.15.0', revision: '1d14b5521b'
System info: os.name: 'Windows 10', os.arch: 'amd64', os.version: '10.0', java.version: '17.0.8'
Driver info: org.openqa.selenium.chrome.ChromeDriver
Command: [a6ba72f766509493c19d6ceb8207359f, screenshot {}]
Capabilities {acceptInsecureCerts: false, browserName: chrome, browserVersion: 120.0.6099.130, chrome: {chromedriverVersion: 120.0.6099.109 (3419140ab66..., userDataDir: C:\Users\JEET\AppData\Local...}, fedcm:accounts: true, goog:chromeOptions: {debuggerAddress: localhost:62979}, networkConnectionEnabled: false, pageLoadStrategy: normal, platformName: windows, proxy: Proxy(), se:cdp: ws://localhost:62979/devtoo..., se:cdpVersion: 120.0.6099.130, setWindowRect: true, strictFileInteractability: false, timeouts: {implicit: 0, pageLoad: 300000, script: 30000}, unhandledPromptBehavior: dismiss and notify, webauthn:extension:credBlob: true, webauthn:extension:largeBlob: true, webauthn:extension:minPinLength: true, webauthn:extension:prf: true, webauthn:virtualAuthenticators: true}
Session ID: a6ba72f766509493c19d6ceb8207359f
	at java.base/jdk.internal.reflect.NativeConstructorAccessorImpl.newInstance0(Native Method)
	at java.base/jdk.internal.reflect.NativeConstructorAccessorImpl.newInstance(NativeConstructorAccessorImpl.java:77)
	at java.base/jdk.internal.reflect.DelegatingConstructorAccessorImpl.newInstance(DelegatingConstructorAccessorImpl.java:45)
	at java.base/java.lang.reflect.Constructor.newInstanceWithCaller(Constructor.java:499)
	at java.base/java.lang.reflect.Constructor.newInstance(Constructor.java:480)
	at org.openqa.selenium.remote.codec.w3c.W3CHttpResponseCodec.createException(W3CHttpResponseCodec.java:200)
	at org.openqa.selenium.remote.codec.w3c.W3CHttpResponseCodec.decode(W3CHttpResponseCodec.java:133)
	at org.openqa.selenium.remote.codec.w3c.W3CHttpResponseCodec.decode(W3CHttpResponseCodec.java:52)
	at org.openqa.selenium.remote.HttpCommandExecutor.execute(HttpCommandExecutor.java:191)
	at org.openqa.selenium.remote.service.DriverCommandExecutor.invokeExecute(DriverCommandExecutor.java:200)
	at org.openqa.selenium.remote.service.DriverCommandExecutor.execute(DriverCommandExecutor.java:175)
	at org.openqa.selenium.remote.RemoteWebDriver.execute(RemoteWebDriver.java:607)
	at org.openqa.selenium.remote.RemoteWebDriver.execute(RemoteWebDriver.java:680)
	at org.openqa.selenium.remote.RemoteWebDriver.execute(RemoteWebDriver.java:684)
	at org.openqa.selenium.remote.RemoteWebDriver.getScreenshotAs(RemoteWebDriver.java:330)
	at com.automationexercise.utility.Utility.getScreenShot(Utility.java:376)
	at com.automationexercise.steps.Hooks.tearDown(Hooks.java:19)
</textarea>
      
      </div>
              </div>
          </div>
        </div>
  </div>
  <div class="card">
    <div class="card-header" role="tab">
      <div class="card-title">
        <div class="node" id="89"><span class="badge log pass-bg mr-2">Pass</span>User should remove the product from cart</div>
      </div>
    </div>
        <div class="collapse">
          <div class="card-body">
              <div class="step pass-bg" title="com.automationexercise.steps.RegisterSteps.iAmOnHomepage()">
                <span>Given I am on homepage</span>
      <div>
      </div>
              </div>
              <div class="step pass-bg" title="com.automationexercise.steps.ExtraSteps.iAddProductToTheCart(java.lang.String)">
                <span>When I add product "Blue Top" to the cart</span>
      <div>
      </div>
              </div>
              <div class="step pass-bg" title="com.automationexercise.steps.ExtraSteps.iClickOnViewCartInPopup()">
                <span>And I click on view cart in popup</span>
      <div>
      </div>
              </div>
              <div class="step pass-bg" title="com.automationexercise.steps.ExtraSteps.iShouldSeeTheWelcomeTextOnShoppingCartPage(java.lang.String)">
                <span>And I should see the welcome text on shopping cart page "Shopping Cart"</span>
      <div>
      </div>
              </div>
              <div class="step pass-bg" title="com.automationexercise.steps.ExtraSteps.iClickOnCrossButtonToRemoveTheProductFromTheCart()">
                <span>Then I click on cross button to remove the product from the cart</span>
      <div>
      </div>
              </div>
          </div>
        </div>
  </div>
</div>
          </div>
        </li>
        <li class="test-item"  status="fail" test-id="97"
          author=""
          tag=""
          device="">
          <div class="test-detail">
            <p class="name">Homepage feature</p>
            <p class="text-sm">
              <span>15:09:18</span> / <span>00:00:30:999</span>
              <span class="badge fail-bg log float-right">Fail</span>
            </p>
          </div>
          <div class="test-contents d-none">
<div class="detail-head">
<div class="p-v-10">
<div class="info">
<h5 class="test-status text-fail">Homepage feature</h5>
<span class='badge badge-success'>01.01.2024 15:09:18</span>
<span class='badge badge-danger'>01.01.2024 15:09:49</span>
<span class='badge badge-default'>00:00:30:999</span>
&middot; <span class='uri-anchor badge badge-default'>#test-id=97</span>
<span class='badge badge-default pointer float-right ml-1 et'><i class="fa fa-chevron-down"></i></span>
<span class='badge badge-default pointer float-right ct'><i class="fa fa-chevron-up"></i></span>
</div>
<div class="m-t-10 m-l-5"> As a User I am able to subscribe in homePage</div>
</div>
</div>
<div class="accordion mt-4">
  <div class="card">
    <div class="card-header" role="tab">
      <div class="card-title">
        <div class="node" id="98"><span class="badge log fail-bg mr-2">Fail</span>User should Verify Subscription in home page</div>
      </div>
    </div>
        <div class="">
          <div class="card-body">
              <div class="step fail-bg" >
                <span>Given I am on homepage and verify the homepage URL</span>
      <div>Step undefined
      </div>
              </div>
              <div class="step skip-bg" >
                <span>When I scroll down up to subscription link</span>
      <div>Step skipped
      </div>
              </div>
              <div class="step skip-bg" >
                <span>Then I enter email on email field</span>
      <div>Step skipped
      </div>
              </div>
              <div class="step skip-bg" >
                <span>And I click on arrow button</span>
      <div>Step skipped
      </div>
              </div>
              <div class="step skip-bg" >
                <span>And I should see the success subscription message "You have been successfully subscribed!"</span>
      <div>Step skipped
      </div>
              </div>
          </div>
        </div>
  </div>
  <div class="card">
    <div class="card-header" role="tab">
      <div class="card-title">
        <div class="node" id="106"><span class="badge log fail-bg mr-2">Fail</span>User should verify Subscription in Cart page</div>
      </div>
    </div>
        <div class="">
          <div class="card-body">
              <div class="step fail-bg" >
                <span>Given I am on homepage and verify the homepage URL</span>
      <div>Step undefined
      </div>
              </div>
              <div class="step skip-bg" >
                <span>When I click on 'cart' option</span>
      <div>Step skipped
      </div>
              </div>
              <div class="step skip-bg" >
                <span>Then I click on 'subscription' button</span>
      <div>Step skipped
      </div>
              </div>
              <div class="step skip-bg" >
                <span>And I able to enter 'email' on email field</span>
      <div>Step skipped
      </div>
              </div>
              <div class="step skip-bg" >
                <span>And I able to click on arrow button</span>
      <div>Step skipped
      </div>
              </div>
              <div class="step skip-bg" >
                <span>And "You have been successfully subscribed!" text is displayed</span>
      <div>Step skipped
      </div>
              </div>
          </div>
        </div>
  </div>
</div>
          </div>
        </li>
        <li class="test-item"  status="fail" test-id="115"
          author=""
          tag=""
          device="">
          <div class="test-detail">
            <p class="name">Product page</p>
            <p class="text-sm">
              <span>15:09:49</span> / <span>00:01:58:027</span>
              <span class="badge fail-bg log float-right">Fail</span>
            </p>
          </div>
          <div class="test-contents d-none">
<div class="detail-head">
<div class="p-v-10">
<div class="info">
<h5 class="test-status text-fail">Product page</h5>
<span class='badge badge-success'>01.01.2024 15:09:49</span>
<span class='badge badge-danger'>01.01.2024 15:11:47</span>
<span class='badge badge-default'>00:01:58:027</span>
&middot; <span class='uri-anchor badge badge-default'>#test-id=115</span>
<span class='badge badge-default pointer float-right ml-1 et'><i class="fa fa-chevron-down"></i></span>
<span class='badge badge-default pointer float-right ct'><i class="fa fa-chevron-up"></i></span>
</div>
<div class="m-t-10 m-l-5"> As a user, i would like to navigate to the product page</div>
</div>
</div>
<div class="accordion mt-4">
  <div class="card">
    <div class="card-header" role="tab">
      <div class="card-title">
        <div class="node" id="116"><span class="badge log pass-bg mr-2">Pass</span>Verify All Products and product detail page</div>
      </div>
    </div>
        <div class="collapse">
          <div class="card-body">
              <div class="step pass-bg" title="com.automationexercise.steps.RegisterSteps.iAmOnHomepage()">
                <span>Given I am on homepage</span>
      <div>
      </div>
              </div>
              <div class="step pass-bg" title="com.automationexercise.steps.ProductSteps.clickOnProductButton()">
                <span>When Click on Product button</span>
      <div>
      </div>
              </div>
              <div class="step pass-bg" title="com.automationexercise.steps.ProductSteps.verifyUserIsNavigatedToALLPRODUCTSPageSuccessfully()">
                <span>And Verify user is navigated to ALL PRODUCTS page successfully</span>
      <div>
      </div>
              </div>
              <div class="step pass-bg" title="com.automationexercise.steps.ProductSteps.clickOnViewProductOfFirstProduct(java.lang.String)">
                <span>Then Click on 'View Product' of first product</span>
      <div>
      </div>
              </div>
              <div class="step pass-bg" title="com.automationexercise.steps.ProductSteps.userIsLandedToProductDetailPage()">
                <span>And User is landed to product detail page</span>
      <div>
      </div>
              </div>
              <div class="step pass-bg" title="com.automationexercise.steps.ProductSteps.iShouldSeeProductName(java.lang.String)">
                <span>And I should see product name "Blue Top"</span>
      <div>
      </div>
              </div>
              <div class="step pass-bg" title="com.automationexercise.steps.ProductSteps.iShouldSeeCategory(java.lang.String)">
                <span>And I should see category "Category: Women > Tops"</span>
      <div>
      </div>
              </div>
              <div class="step pass-bg" title="com.automationexercise.steps.ProductSteps.iShouldSeePrice(java.lang.String)">
                <span>And I should see price "Rs. 500"</span>
      <div>
      </div>
              </div>
              <div class="step pass-bg" title="com.automationexercise.steps.ProductSteps.iShouldSeeAvailability(java.lang.String)">
                <span>And I should see availability "Availability: In Stock"</span>
      <div>
      </div>
              </div>
              <div class="step pass-bg" title="com.automationexercise.steps.ProductSteps.iShouldSeeCondition(java.lang.String)">
                <span>And I should see condition "Condition: New"</span>
      <div>
      </div>
              </div>
              <div class="step pass-bg" title="com.automationexercise.steps.ProductSteps.iShouldSeeBrand(java.lang.String)">
                <span>And I should see brand "Brand: Polo"</span>
      <div>
      </div>
              </div>
          </div>
        </div>
  </div>
  <div class="card">
    <div class="card-header" role="tab">
      <div class="card-title">
        <div class="node" id="130"><span class="badge log pass-bg mr-2">Pass</span>Search Product</div>
      </div>
    </div>
        <div class="collapse">
          <div class="card-body">
              <div class="step pass-bg" title="com.automationexercise.steps.RegisterSteps.iAmOnHomepage()">
                <span>Given I am on homepage</span>
      <div>
      </div>
              </div>
              <div class="step pass-bg" title="com.automationexercise.steps.ProductSteps.clickOnProductButton()">
                <span>When Click on Product button</span>
      <div>
      </div>
              </div>
              <div class="step pass-bg" title="com.automationexercise.steps.ProductSteps.verifyUserIsNavigatedToALLPRODUCTSPageSuccessfully()">
                <span>And Verify user is navigated to ALL PRODUCTS page successfully</span>
      <div>
      </div>
              </div>
              <div class="step pass-bg" title="com.automationexercise.steps.ProductSteps.enterProductNameInSearchInputAndClickSearchButton(java.lang.String)">
                <span>Then Enter product name "Blue Top" in search input and click search button</span>
      <div>
      </div>
              </div>
              <div class="step pass-bg" title="com.automationexercise.steps.ProductSteps.verifySEARCHEDPRODUCTSIsVisible()">
                <span>And Verify SEARCHED PRODUCTS is visible</span>
      <div>
      </div>
              </div>
              <div class="step pass-bg" title="com.automationexercise.steps.ProductSteps.verifyAllTheProductsRelatedToSearchAreVisible()">
                <span>And Verify all the products related to search are visible</span>
      <div>
      </div>
              </div>
          </div>
        </div>
  </div>
  <div class="card">
    <div class="card-header" role="tab">
      <div class="card-title">
        <div class="node" id="139"><span class="badge log fail-bg mr-2">Fail</span>Add Products in Cart</div>
          <div class="status-avatar float-right mr-4">
            <i class="fa fa-paperclip"></i>
          </div>
      </div>
    </div>
        <div class="">
          <div class="card-body">
              <div class="step pass-bg" title="com.automationexercise.steps.RegisterSteps.iAmOnHomepage()">
                <span>Given I am on homepage</span>
      <div>
      </div>
              </div>
              <div class="step pass-bg" title="com.automationexercise.steps.ProductSteps.clickOnProductButton()">
                <span>When Click on Product button</span>
      <div>
      </div>
              </div>
              <div class="step pass-bg" title="com.automationexercise.steps.ProductSteps.hoverOverFirstProductAndClick(java.lang.String)">
                <span>And Hover over first product and click "Add to cart"</span>
      <div>
      </div>
              </div>
              <div class="step fail-bg" title="com.automationexercise.steps.ProductSteps.clickContinueShoppingButton()">
                <span>Then Click Continue Shopping button</span>
      <div>
        <textarea disabled class="code-block">org.openqa.selenium.StaleElementReferenceException: stale element reference: stale element not found
  (Session info: chrome=120.0.6099.130)
For documentation on this error, please visit: https://www.selenium.dev/documentation/webdriver/troubleshooting/errors#stale-element-reference-exception
Build info: version: '4.15.0', revision: '1d14b5521b'
System info: os.name: 'Windows 10', os.arch: 'amd64', os.version: '10.0', java.version: '17.0.8'
Driver info: org.openqa.selenium.chrome.ChromeDriver
Command: [37528135eed33d7ae05171ff87b77f03, clickElement {id=D1377541B9FEDF630BE35A9436AF5178_element_71}]
Capabilities {acceptInsecureCerts: false, browserName: chrome, browserVersion: 120.0.6099.130, chrome: {chromedriverVersion: 120.0.6099.109 (3419140ab66..., userDataDir: C:\Users\JEET\AppData\Local...}, fedcm:accounts: true, goog:chromeOptions: {debuggerAddress: localhost:63189}, networkConnectionEnabled: false, pageLoadStrategy: normal, platformName: windows, proxy: Proxy(), se:cdp: ws://localhost:63189/devtoo..., se:cdpVersion: 120.0.6099.130, setWindowRect: true, strictFileInteractability: false, timeouts: {implicit: 0, pageLoad: 300000, script: 30000}, unhandledPromptBehavior: dismiss and notify, webauthn:extension:credBlob: true, webauthn:extension:largeBlob: true, webauthn:extension:minPinLength: true, webauthn:extension:prf: true, webauthn:virtualAuthenticators: true}
Element: [[ChromeDriver: chrome on windows (37528135eed33d7ae05171ff87b77f03)] -> xpath: //div[@class='modal-content']//div//button]
Session ID: 37528135eed33d7ae05171ff87b77f03
	at java.base/jdk.internal.reflect.NativeConstructorAccessorImpl.newInstance0(Native Method)
	at java.base/jdk.internal.reflect.NativeConstructorAccessorImpl.newInstance(NativeConstructorAccessorImpl.java:77)
	at java.base/jdk.internal.reflect.DelegatingConstructorAccessorImpl.newInstance(DelegatingConstructorAccessorImpl.java:45)
	at java.base/java.lang.reflect.Constructor.newInstanceWithCaller(Constructor.java:499)
	at java.base/java.lang.reflect.Constructor.newInstance(Constructor.java:480)
	at org.openqa.selenium.remote.codec.w3c.W3CHttpResponseCodec.createException(W3CHttpResponseCodec.java:200)
	at org.openqa.selenium.remote.codec.w3c.W3CHttpResponseCodec.decode(W3CHttpResponseCodec.java:133)
	at org.openqa.selenium.remote.codec.w3c.W3CHttpResponseCodec.decode(W3CHttpResponseCodec.java:52)
	at org.openqa.selenium.remote.HttpCommandExecutor.execute(HttpCommandExecutor.java:191)
	at org.openqa.selenium.remote.service.DriverCommandExecutor.invokeExecute(DriverCommandExecutor.java:200)
	at org.openqa.selenium.remote.service.DriverCommandExecutor.execute(DriverCommandExecutor.java:175)
	at org.openqa.selenium.remote.RemoteWebDriver.execute(RemoteWebDriver.java:607)
	at org.openqa.selenium.remote.RemoteWebElement.execute(RemoteWebElement.java:224)
	at org.openqa.selenium.remote.RemoteWebElement.click(RemoteWebElement.java:77)
	at jdk.internal.reflect.GeneratedMethodAccessor90.invoke(Unknown Source)
	at java.base/jdk.internal.reflect.DelegatingMethodAccessorImpl.invoke(DelegatingMethodAccessorImpl.java:43)
	at java.base/java.lang.reflect.Method.invoke(Method.java:568)
	at org.openqa.selenium.support.pagefactory.internal.LocatingElementHandler.invoke(LocatingElementHandler.java:51)
	at jdk.proxy2/jdk.proxy2.$Proxy32.click(Unknown Source)
	at com.automationexercise.utility.Utility.clickOnElement(Utility.java:54)
	at com.automationexercise.pages.ProductPage.clickOnContinueAfterAddToCart(ProductPage.java:218)
	at com.automationexercise.steps.ProductSteps.clickContinueShoppingButton(ProductSteps.java:95)
	at ✽.Click Continue Shopping button(file:///C:/Users/JEET/IdeaProjects/automation-exercise-cucumber/src/test/resources/features/Product.feature:35)
</textarea>
      
      </div>
              </div>
              <div class="step pass-bg" title="AFTER">
                <span>com.automationexercise.steps.Hooks.tearDown(io.cucumber.java.Scenario)</span>
      <div>Add Products in Cart
          <div class="row mb-3"><div class="col-md-3">
<img data-featherlight='../screenshots/embedded2.png' src="../screenshots/embedded2.png">
    
    </div></div>
</div>
      <div>
      </div>
              </div>
          </div>
        </div>
  </div>
  <div class="card">
    <div class="card-header" role="tab">
      <div class="card-title">
        <div class="node" id="146"><span class="badge log pass-bg mr-2">Pass</span>Verify Product quantity in Cart</div>
      </div>
    </div>
        <div class="collapse">
          <div class="card-body">
              <div class="step pass-bg" title="com.automationexercise.steps.RegisterSteps.iAmOnHomepage()">
                <span>Given I am on homepage</span>
      <div>
      </div>
              </div>
              <div class="step pass-bg" title="com.automationexercise.steps.ProductSteps.clickViewProductForAnyProductOnHomePage(java.lang.String)">
                <span>When Click 'View Product' for any product on home page</span>
      <div>
      </div>
              </div>
              <div class="step pass-bg" title="com.automationexercise.steps.ProductSteps.iShouldSeeProductName(java.lang.String)">
                <span>Then I should see product name "Blue Top"</span>
      <div>
      </div>
              </div>
              <div class="step pass-bg" title="com.automationexercise.steps.ProductSteps.iShouldSeeCategory(java.lang.String)">
                <span>And I should see category "Category: Women > Tops"</span>
      <div>
      </div>
              </div>
              <div class="step pass-bg" title="com.automationexercise.steps.ProductSteps.iShouldSeePrice(java.lang.String)">
                <span>And I should see price "Rs. 500"</span>
      <div>
      </div>
              </div>
              <div class="step pass-bg" title="com.automationexercise.steps.ProductSteps.iShouldSeeAvailability(java.lang.String)">
                <span>And I should see availability "Availability: In Stock"</span>
      <div>
      </div>
              </div>
              <div class="step pass-bg" title="com.automationexercise.steps.ProductSteps.iShouldSeeCondition(java.lang.String)">
                <span>And I should see condition "Condition: New"</span>
      <div>
      </div>
              </div>
              <div class="step pass-bg" title="com.automationexercise.steps.ProductSteps.iShouldSeeBrand(java.lang.String)">
                <span>And I should see brand "Brand: Polo"</span>
      <div>
      </div>
              </div>
              <div class="step pass-bg" title="com.automationexercise.steps.ProductSteps.iIncreaseTheQuantity(java.lang.String)">
                <span>And I increase the quantity "4"</span>
      <div>
      </div>
              </div>
              <div class="step pass-bg" title="com.automationexercise.steps.ProductSteps.clickAddToCartButton()">
                <span>And Click Add to cart button</span>
      <div>
      </div>
              </div>
              <div class="step pass-bg" title="com.automationexercise.steps.ProductSteps.clickViewCartButton()">
                <span>And Click View Cart button</span>
      <div>
      </div>
              </div>
              <div class="step pass-bg" title="com.automationexercise.steps.ProductSteps.verifyThatProductIsDisplayedInCartPageWithExactQuantity()">
                <span>And Verify that product is displayed in cart page with exact quantity</span>
      <div>
      </div>
              </div>
          </div>
        </div>
  </div>
  <div class="card">
    <div class="card-header" role="tab">
      <div class="card-title">
        <div class="node" id="161"><span class="badge log pass-bg mr-2">Pass</span>User should view and cart brand products</div>
      </div>
    </div>
        <div class="collapse">
          <div class="card-body">
              <div class="step pass-bg" title="com.automationexercise.steps.RegisterSteps.iAmOnHomepage()">
                <span>Given I am on homepage</span>
      <div>
      </div>
              </div>
              <div class="step pass-bg" title="com.automationexercise.steps.ProductSteps.clickOnProductButton()">
                <span>When Click on Product button</span>
      <div>
      </div>
              </div>
              <div class="step pass-bg" title="com.automationexercise.steps.ProductSteps.iClickOnBrandInBrandsTab(java.lang.String)">
                <span>Then I click on "Polo" brand in Brands tab</span>
      <div>
      </div>
              </div>
              <div class="step pass-bg" title="com.automationexercise.steps.ProductSteps.iShouldSeeBRANDPOLOPRODUCTSPageTitle()">
                <span>And I should see BRAND - POLO PRODUCTS page title</span>
      <div>
      </div>
              </div>
              <div class="step pass-bg" title="com.automationexercise.steps.ProductSteps.iClickOnMadameBrandInBrandsTab()">
                <span>And I click on Madame brand in Brands tab</span>
      <div>
      </div>
              </div>
              <div class="step pass-bg" title="com.automationexercise.steps.ProductSteps.iShouldSeeBRANDMADAMEPRODUCTSPageTitle()">
                <span>And I should see BRAND - MADAME PRODUCTS page title</span>
      <div>
      </div>
              </div>
          </div>
        </div>
  </div>
</div>
          </div>
        </li>
        <li class="test-item"  status="pass" test-id="170"
          author=""
          tag=""
          device="">
          <div class="test-detail">
            <p class="name">Contact Us Page</p>
            <p class="text-sm">
              <span>15:11:47</span> / <span>00:00:55:323</span>
              <span class="badge pass-bg log float-right">Pass</span>
            </p>
          </div>
          <div class="test-contents d-none">
<div class="detail-head">
<div class="p-v-10">
<div class="info">
<h5 class="test-status text-pass">Contact Us Page</h5>
<span class='badge badge-success'>01.01.2024 15:11:47</span>
<span class='badge badge-danger'>01.01.2024 15:12:42</span>
<span class='badge badge-default'>00:00:55:323</span>
&middot; <span class='uri-anchor badge badge-default'>#test-id=170</span>
<span class='badge badge-default pointer float-right ml-1 et'><i class="fa fa-chevron-down"></i></span>
<span class='badge badge-default pointer float-right ct'><i class="fa fa-chevron-up"></i></span>
</div>
<div class="m-t-10 m-l-5"></div>
</div>
</div>
<div class="accordion mt-4">
  <div class="card">
    <div class="card-header" role="tab">
      <div class="card-title">
        <div class="node" id="171"><span class="badge log pass-bg mr-2">Pass</span>Contact Us Form</div>
      </div>
    </div>
        <div class="collapse">
          <div class="card-body">
              <div class="step pass-bg" title="com.automationexercise.steps.RegisterSteps.iAmOnHomepage()">
                <span>Given I am on homepage</span>
      <div>
      </div>
              </div>
              <div class="step pass-bg" title="com.automationexercise.steps.ContactUsSteps.clickOnContactUsButton(java.lang.String)">
                <span>When Click on 'Contact Us' button</span>
      <div>
      </div>
              </div>
              <div class="step pass-bg" title="com.automationexercise.steps.ContactUsSteps.verifyGETINTOUCHIsVisible()">
                <span>And Verify GET IN TOUCH is visible</span>
      <div>
      </div>
              </div>
              <div class="step pass-bg" title="com.automationexercise.steps.ContactUsSteps.enter(java.lang.String,java.lang.String,java.lang.String,java.lang.String)">
                <span>Then Enter "Amruta","amruta123@gmail.com","about product","This product is good"</span>
      <div>
      </div>
              </div>
              <div class="step pass-bg" title="com.automationexercise.steps.ContactUsSteps.clickSubmitButton()">
                <span>And Click Submit button</span>
      <div>
      </div>
              </div>
              <div class="step pass-bg" title="com.automationexercise.steps.ContactUsSteps.clickOKButton()">
                <span>And Click OK button</span>
      <div>
      </div>
              </div>
              <div class="step pass-bg" title="com.automationexercise.steps.ContactUsSteps.verifySuccessMessageSuccessYourDetailsHaveBeenSubmittedSuccessfullyIsVisible(java.lang.String)">
                <span>And Verify success message 'Success! Your details have been submitted successfully.' is visible</span>
      <div>
      </div>
              </div>
              <div class="step pass-bg" title="com.automationexercise.steps.ContactUsSteps.clickHomeButtonAndVerifyThatLandedToHomePageSuccessfully(java.lang.String)">
                <span>And Click 'Home' button and verify that landed to home page successfully</span>
      <div>
      </div>
              </div>
          </div>
        </div>
  </div>
  <div class="card">
    <div class="card-header" role="tab">
      <div class="card-title">
        <div class="node" id="182"><span class="badge log pass-bg mr-2">Pass</span>User should view category products</div>
      </div>
    </div>
        <div class="collapse">
          <div class="card-body">
              <div class="step pass-bg" title="com.automationexercise.steps.RegisterSteps.iAmOnHomepage()">
                <span>Given I am on homepage</span>
      <div>
      </div>
              </div>
              <div class="step pass-bg" title="com.automationexercise.steps.ContactUsSteps.iClickOnProductsTab()">
                <span>When I click on products tab</span>
      <div>
      </div>
              </div>
              <div class="step pass-bg" title="com.automationexercise.steps.ContactUsSteps.iClickOnWomenCategory()">
                <span>Then I click on Women category</span>
      <div>
      </div>
              </div>
              <div class="step pass-bg" title="com.automationexercise.steps.ContactUsSteps.iClickOnDressInWomenCategory()">
                <span>And I click on Dress in women category</span>
      <div>
      </div>
              </div>
              <div class="step pass-bg" title="com.automationexercise.steps.ContactUsSteps.iShouldSeePageTitle(java.lang.String)">
                <span>And I should see "WOMEN - DRESS PRODUCTS" page title</span>
      <div>
      </div>
              </div>
              <div class="step pass-bg" title="com.automationexercise.steps.ContactUsSteps.iClickOnMenCategory()">
                <span>Then I click on Men category</span>
      <div>
      </div>
              </div>
              <div class="step pass-bg" title="com.automationexercise.steps.ContactUsSteps.iClickOnTshirtsInMenCategory()">
                <span>And I click on Tshirts in men category</span>
      <div>
      </div>
              </div>
              <div class="step pass-bg" title="com.automationexercise.steps.ContactUsSteps.iShouldSeeMENTSHIRTSPRODUCTSPageTitle()">
                <span>And I should see MEN - TSHIRTS PRODUCTS page title</span>
      <div>
      </div>
              </div>
          </div>
        </div>
  </div>
</div>
          </div>
        </li>
        <li class="test-item"  status="fail" test-id="193"
          author=""
          tag=""
          device="">
          <div class="test-detail">
            <p class="name">Login functionality</p>
            <p class="text-sm">
              <span>15:12:42</span> / <span>00:01:42:776</span>
              <span class="badge fail-bg log float-right">Fail</span>
            </p>
          </div>
          <div class="test-contents d-none">
<div class="detail-head">
<div class="p-v-10">
<div class="info">
<h5 class="test-status text-fail">Login functionality</h5>
<span class='badge badge-success'>01.01.2024 15:12:42</span>
<span class='badge badge-danger'>01.01.2024 15:14:25</span>
<span class='badge badge-default'>00:01:42:776</span>
&middot; <span class='uri-anchor badge badge-default'>#test-id=193</span>
<span class='badge badge-default pointer float-right ml-1 et'><i class="fa fa-chevron-down"></i></span>
<span class='badge badge-default pointer float-right ct'><i class="fa fa-chevron-up"></i></span>
</div>
<div class="m-t-10 m-l-5"> As a user I should be able to register successfully</div>
</div>
</div>
<div class="accordion mt-4">
  <div class="card">
    <div class="card-header" role="tab">
      <div class="card-title">
        <div class="node" id="194"><span class="badge log fail-bg mr-2">Fail</span>Login User with Correct email and password</div>
      </div>
    </div>
        <div class="">
          <div class="card-body">
              <div class="step pass-bg" title="com.automationexercise.steps.RegisterSteps.iAmOnHomepage()">
                <span>Given I am on homepage</span>
      <div>
      </div>
              </div>
              <div class="step pass-bg" title="com.automationexercise.steps.LoginSteps.clickSignupLink()">
                <span>When Click Signup link</span>
      <div>
      </div>
              </div>
              <div class="step pass-bg" title="com.automationexercise.steps.LoginSteps.verifyLoginToYourAccountIsVisible()">
                <span>Then Verify Login to your account is visible</span>
      <div>
      </div>
              </div>
              <div class="step pass-bg" title="com.automationexercise.steps.LoginSteps.enterEmailAddressAndPassword(java.lang.String,java.lang.String)">
                <span>And Enter "tamudhaduk@gmail.com" email address and "Dhaduk@123" password</span>
      <div>
      </div>
              </div>
              <div class="step pass-bg" title="com.automationexercise.steps.LoginSteps.clickLoginButton()">
                <span>And Click login button</span>
      <div>
      </div>
              </div>
              <div class="step pass-bg" title="com.automationexercise.steps.LoginSteps.clickDeleteAccountButton()">
                <span>And Click 'Delete Account button</span>
      <div>
      </div>
              </div>
              <div class="step fail-bg" title="com.automationexercise.steps.LoginSteps.verifyThatACCOUNTDELETEDIsVisible()">
                <span>And Verify that ACCOUNT DELETED! is visible</span>
      <div>
        <textarea disabled class="code-block">org.openqa.selenium.NoSuchElementException: Unable to find element with locator By.xpath: //b[contains(text(),'Account Created!')]
For documentation on this error, please visit: https://www.selenium.dev/documentation/webdriver/troubleshooting/errors#no-such-element-exception
Build info: version: '4.15.0', revision: '1d14b5521b'
System info: os.name: 'Windows 10', os.arch: 'amd64', os.version: '10.0', java.version: '17.0.8'
Driver info: driver.version: RemoteWebDriver
	at org.openqa.selenium.remote.ElementLocation$ElementFinder$2.findElement(ElementLocation.java:168)
	at org.openqa.selenium.remote.ElementLocation.findElement(ElementLocation.java:59)
	at org.openqa.selenium.remote.RemoteWebDriver.findElement(RemoteWebDriver.java:364)
	at org.openqa.selenium.remote.RemoteWebDriver.findElement(RemoteWebDriver.java:358)
	at org.openqa.selenium.support.pagefactory.DefaultElementLocator.findElement(DefaultElementLocator.java:68)
	at org.openqa.selenium.support.pagefactory.internal.LocatingElementHandler.invoke(LocatingElementHandler.java:38)
	at jdk.proxy2/jdk.proxy2.$Proxy32.getText(Unknown Source)
	at com.automationexercise.utility.Utility.getTextFromElement(Utility.java:65)
	at com.automationexercise.pages.LoginPage.verifyDeleteAccountText(LoginPage.java:260)
	at com.automationexercise.steps.LoginSteps.verifyThatACCOUNTDELETEDIsVisible(LoginSteps.java:41)
	at ✽.Verify that ACCOUNT DELETED! is visible(file:///C:/Users/JEET/IdeaProjects/automation-exercise-cucumber/src/test/resources/features/login.feature:16)
</textarea>
      
      </div>
              </div>
              <div class="step fail-bg" title="AFTER">
                <span>com.automationexercise.steps.Hooks.tearDown(io.cucumber.java.Scenario)</span>
      <div>
        <textarea disabled class="code-block">org.openqa.selenium.NoSuchWindowException: no such window: target window already closed
from unknown error: web view not found
  (Session info: chrome=120.0.6099.130)
Build info: version: '4.15.0', revision: '1d14b5521b'
System info: os.name: 'Windows 10', os.arch: 'amd64', os.version: '10.0', java.version: '17.0.8'
Driver info: org.openqa.selenium.chrome.ChromeDriver
Command: [119cbec18e69aafdea83648a91554cf3, screenshot {}]
Capabilities {acceptInsecureCerts: false, browserName: chrome, browserVersion: 120.0.6099.130, chrome: {chromedriverVersion: 120.0.6099.109 (3419140ab66..., userDataDir: C:\Users\JEET\AppData\Local...}, fedcm:accounts: true, goog:chromeOptions: {debuggerAddress: localhost:63401}, networkConnectionEnabled: false, pageLoadStrategy: normal, platformName: windows, proxy: Proxy(), se:cdp: ws://localhost:63401/devtoo..., se:cdpVersion: 120.0.6099.130, setWindowRect: true, strictFileInteractability: false, timeouts: {implicit: 0, pageLoad: 300000, script: 30000}, unhandledPromptBehavior: dismiss and notify, webauthn:extension:credBlob: true, webauthn:extension:largeBlob: true, webauthn:extension:minPinLength: true, webauthn:extension:prf: true, webauthn:virtualAuthenticators: true}
Session ID: 119cbec18e69aafdea83648a91554cf3
	at java.base/jdk.internal.reflect.NativeConstructorAccessorImpl.newInstance0(Native Method)
	at java.base/jdk.internal.reflect.NativeConstructorAccessorImpl.newInstance(NativeConstructorAccessorImpl.java:77)
	at java.base/jdk.internal.reflect.DelegatingConstructorAccessorImpl.newInstance(DelegatingConstructorAccessorImpl.java:45)
	at java.base/java.lang.reflect.Constructor.newInstanceWithCaller(Constructor.java:499)
	at java.base/java.lang.reflect.Constructor.newInstance(Constructor.java:480)
	at org.openqa.selenium.remote.codec.w3c.W3CHttpResponseCodec.createException(W3CHttpResponseCodec.java:200)
	at org.openqa.selenium.remote.codec.w3c.W3CHttpResponseCodec.decode(W3CHttpResponseCodec.java:133)
	at org.openqa.selenium.remote.codec.w3c.W3CHttpResponseCodec.decode(W3CHttpResponseCodec.java:52)
	at org.openqa.selenium.remote.HttpCommandExecutor.execute(HttpCommandExecutor.java:191)
	at org.openqa.selenium.remote.service.DriverCommandExecutor.invokeExecute(DriverCommandExecutor.java:200)
	at org.openqa.selenium.remote.service.DriverCommandExecutor.execute(DriverCommandExecutor.java:175)
	at org.openqa.selenium.remote.RemoteWebDriver.execute(RemoteWebDriver.java:607)
	at org.openqa.selenium.remote.RemoteWebDriver.execute(RemoteWebDriver.java:680)
	at org.openqa.selenium.remote.RemoteWebDriver.execute(RemoteWebDriver.java:684)
	at org.openqa.selenium.remote.RemoteWebDriver.getScreenshotAs(RemoteWebDriver.java:330)
	at com.automationexercise.utility.Utility.getScreenShot(Utility.java:376)
	at com.automationexercise.steps.Hooks.tearDown(Hooks.java:19)
</textarea>
      
      </div>
              </div>
          </div>
        </div>
  </div>
  <div class="card">
    <div class="card-header" role="tab">
      <div class="card-title">
        <div class="node" id="204"><span class="badge log fail-bg mr-2">Fail</span>Login User with incorrect email and password</div>
      </div>
    </div>
        <div class="">
          <div class="card-body">
              <div class="step pass-bg" title="com.automationexercise.steps.RegisterSteps.iAmOnHomepage()">
                <span>Given I am on homepage</span>
      <div>
      </div>
              </div>
              <div class="step pass-bg" title="com.automationexercise.steps.LoginSteps.clickSignupLink()">
                <span>When Click Signup link</span>
      <div>
      </div>
              </div>
              <div class="step pass-bg" title="com.automationexercise.steps.LoginSteps.verifyLoginToYourAccountIsVisible()">
                <span>Then Verify Login to your account is visible</span>
      <div>
      </div>
              </div>
              <div class="step pass-bg" title="com.automationexercise.steps.LoginSteps.enterEmailAddressAndPassword(java.lang.String,java.lang.String)">
                <span>And Enter "scooper123@gmail.com" email address and "sc2023" password</span>
      <div>
      </div>
              </div>
              <div class="step pass-bg" title="com.automationexercise.steps.LoginSteps.clickLoginButton()">
                <span>And Click login button</span>
      <div>
      </div>
              </div>
              <div class="step fail-bg" title="com.automationexercise.steps.LoginSteps.verifyErrorYourEmailOrPasswordIsIncorrectIsVisible(java.lang.String)">
                <span>And Verify error 'Your email or password is incorrect!' is visible</span>
      <div>
        <textarea disabled class="code-block">org.openqa.selenium.NoSuchElementException: Unable to find element with locator By.xpath: //p[normalize-space()='Your email or password is incorrect!']
For documentation on this error, please visit: https://www.selenium.dev/documentation/webdriver/troubleshooting/errors#no-such-element-exception
Build info: version: '4.15.0', revision: '1d14b5521b'
System info: os.name: 'Windows 10', os.arch: 'amd64', os.version: '10.0', java.version: '17.0.8'
Driver info: driver.version: RemoteWebDriver
	at org.openqa.selenium.remote.ElementLocation$ElementFinder$2.findElement(ElementLocation.java:168)
	at org.openqa.selenium.remote.ElementLocation.findElement(ElementLocation.java:59)
	at org.openqa.selenium.remote.RemoteWebDriver.findElement(RemoteWebDriver.java:364)
	at org.openqa.selenium.remote.RemoteWebDriver.findElement(RemoteWebDriver.java:358)
	at org.openqa.selenium.support.pagefactory.DefaultElementLocator.findElement(DefaultElementLocator.java:68)
	at org.openqa.selenium.support.pagefactory.internal.LocatingElementHandler.invoke(LocatingElementHandler.java:38)
	at jdk.proxy2/jdk.proxy2.$Proxy32.getText(Unknown Source)
	at com.automationexercise.utility.Utility.getTextFromElement(Utility.java:65)
	at com.automationexercise.pages.NewLoginPage.verifyIncorrectText(NewLoginPage.java:84)
	at com.automationexercise.steps.LoginSteps.verifyErrorYourEmailOrPasswordIsIncorrectIsVisible(LoginSteps.java:47)
	at ✽.Verify error 'Your email or password is incorrect!' is visible(file:///C:/Users/JEET/IdeaProjects/automation-exercise-cucumber/src/test/resources/features/login.feature:24)
</textarea>
      
      </div>
              </div>
              <div class="step fail-bg" title="AFTER">
                <span>com.automationexercise.steps.Hooks.tearDown(io.cucumber.java.Scenario)</span>
      <div>
        <textarea disabled class="code-block">org.openqa.selenium.NoSuchWindowException: no such window: target window already closed
from unknown error: web view not found
  (Session info: chrome=120.0.6099.130)
Build info: version: '4.15.0', revision: '1d14b5521b'
System info: os.name: 'Windows 10', os.arch: 'amd64', os.version: '10.0', java.version: '17.0.8'
Driver info: org.openqa.selenium.chrome.ChromeDriver
Command: [29d8832f0fde3b9be61a2fc3f2c71118, screenshot {}]
Capabilities {acceptInsecureCerts: false, browserName: chrome, browserVersion: 120.0.6099.130, chrome: {chromedriverVersion: 120.0.6099.109 (3419140ab66..., userDataDir: C:\Users\JEET\AppData\Local...}, fedcm:accounts: true, goog:chromeOptions: {debuggerAddress: localhost:63459}, networkConnectionEnabled: false, pageLoadStrategy: normal, platformName: windows, proxy: Proxy(), se:cdp: ws://localhost:63459/devtoo..., se:cdpVersion: 120.0.6099.130, setWindowRect: true, strictFileInteractability: false, timeouts: {implicit: 0, pageLoad: 300000, script: 30000}, unhandledPromptBehavior: dismiss and notify, webauthn:extension:credBlob: true, webauthn:extension:largeBlob: true, webauthn:extension:minPinLength: true, webauthn:extension:prf: true, webauthn:virtualAuthenticators: true}
Session ID: 29d8832f0fde3b9be61a2fc3f2c71118
	at java.base/jdk.internal.reflect.NativeConstructorAccessorImpl.newInstance0(Native Method)
	at java.base/jdk.internal.reflect.NativeConstructorAccessorImpl.newInstance(NativeConstructorAccessorImpl.java:77)
	at java.base/jdk.internal.reflect.DelegatingConstructorAccessorImpl.newInstance(DelegatingConstructorAccessorImpl.java:45)
	at java.base/java.lang.reflect.Constructor.newInstanceWithCaller(Constructor.java:499)
	at java.base/java.lang.reflect.Constructor.newInstance(Constructor.java:480)
	at org.openqa.selenium.remote.codec.w3c.W3CHttpResponseCodec.createException(W3CHttpResponseCodec.java:200)
	at org.openqa.selenium.remote.codec.w3c.W3CHttpResponseCodec.decode(W3CHttpResponseCodec.java:133)
	at org.openqa.selenium.remote.codec.w3c.W3CHttpResponseCodec.decode(W3CHttpResponseCodec.java:52)
	at org.openqa.selenium.remote.HttpCommandExecutor.execute(HttpCommandExecutor.java:191)
	at org.openqa.selenium.remote.service.DriverCommandExecutor.invokeExecute(DriverCommandExecutor.java:200)
	at org.openqa.selenium.remote.service.DriverCommandExecutor.execute(DriverCommandExecutor.java:175)
	at org.openqa.selenium.remote.RemoteWebDriver.execute(RemoteWebDriver.java:607)
	at org.openqa.selenium.remote.RemoteWebDriver.execute(RemoteWebDriver.java:680)
	at org.openqa.selenium.remote.RemoteWebDriver.execute(RemoteWebDriver.java:684)
	at org.openqa.selenium.remote.RemoteWebDriver.getScreenshotAs(RemoteWebDriver.java:330)
	at com.automationexercise.utility.Utility.getScreenShot(Utility.java:376)
	at com.automationexercise.steps.Hooks.tearDown(Hooks.java:19)
</textarea>
      
      </div>
              </div>
          </div>
        </div>
  </div>
  <div class="card">
    <div class="card-header" role="tab">
      <div class="card-title">
        <div class="node" id="213"><span class="badge log fail-bg mr-2">Fail</span>Logout User</div>
      </div>
    </div>
        <div class="">
          <div class="card-body">
              <div class="step pass-bg" title="com.automationexercise.steps.RegisterSteps.iAmOnHomepage()">
                <span>Given I am on homepage</span>
      <div>
      </div>
              </div>
              <div class="step pass-bg" title="com.automationexercise.steps.LoginSteps.clickSignupLink()">
                <span>When Click Signup link</span>
      <div>
      </div>
              </div>
              <div class="step pass-bg" title="com.automationexercise.steps.LoginSteps.verifyLoginToYourAccountIsVisible()">
                <span>Then Verify Login to your account is visible</span>
      <div>
      </div>
              </div>
              <div class="step pass-bg" title="com.automationexercise.steps.LoginSteps.enterEmailAddressAndPassword(java.lang.String,java.lang.String)">
                <span>And Enter "tamudhaduk@gmail.com" email address and "Dhaduk@123" password</span>
      <div>
      </div>
              </div>
              <div class="step pass-bg" title="com.automationexercise.steps.LoginSteps.clickLoginButton()">
                <span>And Click login button</span>
      <div>
      </div>
              </div>
              <div class="step fail-bg" title="com.automationexercise.steps.LoginSteps.verifyThatLoggedInAsUsernameIsVisible()">
                <span>And Verify that Logged in as username is visible</span>
      <div>
        <textarea disabled class="code-block">org.openqa.selenium.NoSuchWindowException: no such window: target window already closed
from unknown error: web view not found
  (Session info: chrome=120.0.6099.130)
Build info: version: '4.15.0', revision: '1d14b5521b'
System info: os.name: 'Windows 10', os.arch: 'amd64', os.version: '10.0', java.version: '17.0.8'
Driver info: org.openqa.selenium.chrome.ChromeDriver
Command: [b6b877e9374c63ff9758ac37d397577e, findElement {using=xpath, value=//header/div[1]/div[1]/div[1]/div[2]/div[1]/ul[1]/li[10]/a[1]}]
Capabilities {acceptInsecureCerts: false, browserName: chrome, browserVersion: 120.0.6099.130, chrome: {chromedriverVersion: 120.0.6099.109 (3419140ab66..., userDataDir: C:\Users\JEET\AppData\Local...}, fedcm:accounts: true, goog:chromeOptions: {debuggerAddress: localhost:63502}, networkConnectionEnabled: false, pageLoadStrategy: normal, platformName: windows, proxy: Proxy(), se:cdp: ws://localhost:63502/devtoo..., se:cdpVersion: 120.0.6099.130, setWindowRect: true, strictFileInteractability: false, timeouts: {implicit: 0, pageLoad: 300000, script: 30000}, unhandledPromptBehavior: dismiss and notify, webauthn:extension:credBlob: true, webauthn:extension:largeBlob: true, webauthn:extension:minPinLength: true, webauthn:extension:prf: true, webauthn:virtualAuthenticators: true}
Session ID: b6b877e9374c63ff9758ac37d397577e
	at java.base/jdk.internal.reflect.NativeConstructorAccessorImpl.newInstance0(Native Method)
	at java.base/jdk.internal.reflect.NativeConstructorAccessorImpl.newInstance(NativeConstructorAccessorImpl.java:77)
	at java.base/jdk.internal.reflect.DelegatingConstructorAccessorImpl.newInstance(DelegatingConstructorAccessorImpl.java:45)
	at java.base/java.lang.reflect.Constructor.newInstanceWithCaller(Constructor.java:499)
	at java.base/java.lang.reflect.Constructor.newInstance(Constructor.java:480)
	at org.openqa.selenium.remote.codec.w3c.W3CHttpResponseCodec.createException(W3CHttpResponseCodec.java:200)
	at org.openqa.selenium.remote.codec.w3c.W3CHttpResponseCodec.decode(W3CHttpResponseCodec.java:133)
	at org.openqa.selenium.remote.codec.w3c.W3CHttpResponseCodec.decode(W3CHttpResponseCodec.java:52)
	at org.openqa.selenium.remote.HttpCommandExecutor.execute(HttpCommandExecutor.java:191)
	at org.openqa.selenium.remote.service.DriverCommandExecutor.invokeExecute(DriverCommandExecutor.java:200)
	at org.openqa.selenium.remote.service.DriverCommandExecutor.execute(DriverCommandExecutor.java:175)
	at org.openqa.selenium.remote.RemoteWebDriver.execute(RemoteWebDriver.java:607)
	at org.openqa.selenium.remote.ElementLocation$ElementFinder$2.findElement(ElementLocation.java:165)
	at org.openqa.selenium.remote.ElementLocation.findElement(ElementLocation.java:59)
	at org.openqa.selenium.remote.RemoteWebDriver.findElement(RemoteWebDriver.java:364)
	at org.openqa.selenium.remote.RemoteWebDriver.findElement(RemoteWebDriver.java:358)
	at org.openqa.selenium.support.pagefactory.DefaultElementLocator.findElement(DefaultElementLocator.java:68)
	at org.openqa.selenium.support.pagefactory.internal.LocatingElementHandler.invoke(LocatingElementHandler.java:38)
	at jdk.proxy2/jdk.proxy2.$Proxy32.getText(Unknown Source)
	at com.automationexercise.utility.Utility.getTextFromElement(Utility.java:65)
	at com.automationexercise.pages.NewLoginPage.verifyLoggedInText(NewLoginPage.java:89)
	at com.automationexercise.steps.LoginSteps.verifyThatLoggedInAsUsernameIsVisible(LoginSteps.java:54)
	at ✽.Verify that Logged in as username is visible(file:///C:/Users/JEET/IdeaProjects/automation-exercise-cucumber/src/test/resources/features/login.feature:33)
</textarea>
      
      </div>
              </div>
              <div class="step fail-bg" title="AFTER">
                <span>com.automationexercise.steps.Hooks.tearDown(io.cucumber.java.Scenario)</span>
      <div>
        <textarea disabled class="code-block">org.openqa.selenium.NoSuchWindowException: no such window: target window already closed
from unknown error: web view not found
  (Session info: chrome=120.0.6099.130)
Build info: version: '4.15.0', revision: '1d14b5521b'
System info: os.name: 'Windows 10', os.arch: 'amd64', os.version: '10.0', java.version: '17.0.8'
Driver info: org.openqa.selenium.chrome.ChromeDriver
Command: [b6b877e9374c63ff9758ac37d397577e, screenshot {}]
Capabilities {acceptInsecureCerts: false, browserName: chrome, browserVersion: 120.0.6099.130, chrome: {chromedriverVersion: 120.0.6099.109 (3419140ab66..., userDataDir: C:\Users\JEET\AppData\Local...}, fedcm:accounts: true, goog:chromeOptions: {debuggerAddress: localhost:63502}, networkConnectionEnabled: false, pageLoadStrategy: normal, platformName: windows, proxy: Proxy(), se:cdp: ws://localhost:63502/devtoo..., se:cdpVersion: 120.0.6099.130, setWindowRect: true, strictFileInteractability: false, timeouts: {implicit: 0, pageLoad: 300000, script: 30000}, unhandledPromptBehavior: dismiss and notify, webauthn:extension:credBlob: true, webauthn:extension:largeBlob: true, webauthn:extension:minPinLength: true, webauthn:extension:prf: true, webauthn:virtualAuthenticators: true}
Session ID: b6b877e9374c63ff9758ac37d397577e
	at java.base/jdk.internal.reflect.NativeConstructorAccessorImpl.newInstance0(Native Method)
	at java.base/jdk.internal.reflect.NativeConstructorAccessorImpl.newInstance(NativeConstructorAccessorImpl.java:77)
	at java.base/jdk.internal.reflect.DelegatingConstructorAccessorImpl.newInstance(DelegatingConstructorAccessorImpl.java:45)
	at java.base/java.lang.reflect.Constructor.newInstanceWithCaller(Constructor.java:499)
	at java.base/java.lang.reflect.Constructor.newInstance(Constructor.java:480)
	at org.openqa.selenium.remote.codec.w3c.W3CHttpResponseCodec.createException(W3CHttpResponseCodec.java:200)
	at org.openqa.selenium.remote.codec.w3c.W3CHttpResponseCodec.decode(W3CHttpResponseCodec.java:133)
	at org.openqa.selenium.remote.codec.w3c.W3CHttpResponseCodec.decode(W3CHttpResponseCodec.java:52)
	at org.openqa.selenium.remote.HttpCommandExecutor.execute(HttpCommandExecutor.java:191)
	at org.openqa.selenium.remote.service.DriverCommandExecutor.invokeExecute(DriverCommandExecutor.java:200)
	at org.openqa.selenium.remote.service.DriverCommandExecutor.execute(DriverCommandExecutor.java:175)
	at org.openqa.selenium.remote.RemoteWebDriver.execute(RemoteWebDriver.java:607)
	at org.openqa.selenium.remote.RemoteWebDriver.execute(RemoteWebDriver.java:680)
	at org.openqa.selenium.remote.RemoteWebDriver.execute(RemoteWebDriver.java:684)
	at org.openqa.selenium.remote.RemoteWebDriver.getScreenshotAs(RemoteWebDriver.java:330)
	at com.automationexercise.utility.Utility.getScreenShot(Utility.java:376)
	at com.automationexercise.steps.Hooks.tearDown(Hooks.java:19)
</textarea>
      
      </div>
              </div>
          </div>
        </div>
  </div>
</div>
          </div>
        </li>
        <li class="test-item"  status="fail" test-id="222"
          author=""
          tag=""
          device="">
          <div class="test-detail">
            <p class="name">Login functionality</p>
            <p class="text-sm">
              <span>15:14:25</span> / <span>00:01:15:415</span>
              <span class="badge fail-bg log float-right">Fail</span>
            </p>
          </div>
          <div class="test-contents d-none">
<div class="detail-head">
<div class="p-v-10">
<div class="info">
<h5 class="test-status text-fail">Login functionality</h5>
<span class='badge badge-success'>01.01.2024 15:14:25</span>
<span class='badge badge-danger'>01.01.2024 15:15:40</span>
<span class='badge badge-default'>00:01:15:415</span>
&middot; <span class='uri-anchor badge badge-default'>#test-id=222</span>
<span class='badge badge-default pointer float-right ml-1 et'><i class="fa fa-chevron-down"></i></span>
<span class='badge badge-default pointer float-right ct'><i class="fa fa-chevron-up"></i></span>
</div>
<div class="m-t-10 m-l-5"> As a user I should be able to register successfully</div>
</div>
</div>
<div class="accordion mt-4">
  <div class="card">
    <div class="card-header" role="tab">
      <div class="card-title">
        <div class="node" id="223"><span class="badge log fail-bg mr-2">Fail</span>Verify that user can register successfully</div>
      </div>
    </div>
        <div class="">
          <div class="card-body">
              <div class="step pass-bg" title="com.automationexercise.steps.RegisterSteps.iAmOnHomepage()">
                <span>Given I am on homepage</span>
      <div>
      </div>
              </div>
              <div class="step pass-bg" title="com.automationexercise.steps.RegisterSteps.clickSignupLink(java.lang.String)">
                <span>When Click 'Signup' link</span>
      <div>
      </div>
              </div>
              <div class="step pass-bg" title="com.automationexercise.steps.RegisterSteps.verifyNewUserSignupIsVisible(java.lang.String)">
                <span>And Verify 'New User Signup!' is visible</span>
      <div>
      </div>
              </div>
              <div class="step pass-bg" title="com.automationexercise.steps.RegisterSteps.enterNameAndEmailAddress()">
                <span>Then Enter name and email address</span>
      <div>
      </div>
              </div>
              <div class="step pass-bg" title="com.automationexercise.steps.RegisterSteps.clickSignupButton(java.lang.String)">
                <span>And Click 'Signup' button</span>
      <div>
      </div>
              </div>
              <div class="step pass-bg" title="com.automationexercise.steps.RegisterSteps.verifyThatENTERACCOUNTINFORMATIONIsVisible(java.lang.String)">
                <span>And Verify that 'ENTER ACCOUNT INFORMATION' is visible</span>
      <div>
      </div>
              </div>
              <div class="step pass-bg" title="com.automationexercise.steps.RegisterSteps.enter(java.lang.String,java.lang.String,java.lang.String,java.lang.String,java.lang.String,java.lang.String,java.lang.String,java.lang.String,java.lang.String,java.lang.String,java.lang.String,java.lang.String,java.lang.String,java.lang.String)">
                <span>And enter "Mrs","People123","1","January","2021","Amruta","Patel","449A kingston","Epsom","India","London","Kingston","KT190GB","0987654321"</span>
      <div>
      </div>
              </div>
              <div class="step pass-bg" title="com.automationexercise.steps.RegisterSteps.selectCheckboxSignUpForOurNewsletter(java.lang.String)">
                <span>And Select checkbox 'Sign up for our newsletter!'</span>
      <div>
      </div>
              </div>
              <div class="step pass-bg" title="com.automationexercise.steps.RegisterSteps.selectCheckboxSignUpForOurNewsletter(java.lang.String)">
                <span>And Select checkbox 'Receive special offers from our partners!'</span>
      <div>
      </div>
              </div>
              <div class="step pass-bg" title="com.automationexercise.steps.RegisterSteps.clickCreateAccountButton(java.lang.String)">
                <span>And Click 'Create Account button'</span>
      <div>
      </div>
              </div>
              <div class="step pass-bg" title="com.automationexercise.steps.RegisterSteps.verifyThatACCOUNTCREATEDIsVisible()">
                <span>And Verify that ACCOUNT CREATED! is visible</span>
      <div>
      </div>
              </div>
              <div class="step fail-bg" title="com.automationexercise.steps.RegisterSteps.clickContinueButton()">
                <span>And Click Continue button</span>
      <div>
        <textarea disabled class="code-block">org.openqa.selenium.WebDriverException: unknown error: cannot determine loading status
from disconnected: unable to send message to renderer
  (Session info: chrome=120.0.6099.130)
Build info: version: '4.15.0', revision: '1d14b5521b'
System info: os.name: 'Windows 10', os.arch: 'amd64', os.version: '10.0', java.version: '17.0.8'
Driver info: org.openqa.selenium.chrome.ChromeDriver
Command: [0add0fbeaaeaef6b14fe135454e85252, clickElement {id=2ECB76980012A84EFD9E38DD2F542966_element_106}]
Capabilities {acceptInsecureCerts: false, browserName: chrome, browserVersion: 120.0.6099.130, chrome: {chromedriverVersion: 120.0.6099.109 (3419140ab66..., userDataDir: C:\Users\JEET\AppData\Local...}, fedcm:accounts: true, goog:chromeOptions: {debuggerAddress: localhost:63530}, networkConnectionEnabled: false, pageLoadStrategy: normal, platformName: windows, proxy: Proxy(), se:cdp: ws://localhost:63530/devtoo..., se:cdpVersion: 120.0.6099.130, setWindowRect: true, strictFileInteractability: false, timeouts: {implicit: 0, pageLoad: 300000, script: 30000}, unhandledPromptBehavior: dismiss and notify, webauthn:extension:credBlob: true, webauthn:extension:largeBlob: true, webauthn:extension:minPinLength: true, webauthn:extension:prf: true, webauthn:virtualAuthenticators: true}
Element: [[ChromeDriver: chrome on windows (0add0fbeaaeaef6b14fe135454e85252)] -> xpath: //a[contains(text(),'Continue')]]
Session ID: 0add0fbeaaeaef6b14fe135454e85252
	at java.base/jdk.internal.reflect.NativeConstructorAccessorImpl.newInstance0(Native Method)
	at java.base/jdk.internal.reflect.NativeConstructorAccessorImpl.newInstance(NativeConstructorAccessorImpl.java:77)
	at java.base/jdk.internal.reflect.DelegatingConstructorAccessorImpl.newInstance(DelegatingConstructorAccessorImpl.java:45)
	at java.base/java.lang.reflect.Constructor.newInstanceWithCaller(Constructor.java:499)
	at java.base/java.lang.reflect.Constructor.newInstance(Constructor.java:480)
	at org.openqa.selenium.remote.codec.w3c.W3CHttpResponseCodec.createException(W3CHttpResponseCodec.java:200)
	at org.openqa.selenium.remote.codec.w3c.W3CHttpResponseCodec.decode(W3CHttpResponseCodec.java:133)
	at org.openqa.selenium.remote.codec.w3c.W3CHttpResponseCodec.decode(W3CHttpResponseCodec.java:52)
	at org.openqa.selenium.remote.HttpCommandExecutor.execute(HttpCommandExecutor.java:191)
	at org.openqa.selenium.remote.service.DriverCommandExecutor.invokeExecute(DriverCommandExecutor.java:200)
	at org.openqa.selenium.remote.service.DriverCommandExecutor.execute(DriverCommandExecutor.java:175)
	at org.openqa.selenium.remote.RemoteWebDriver.execute(RemoteWebDriver.java:607)
	at org.openqa.selenium.remote.RemoteWebElement.execute(RemoteWebElement.java:224)
	at org.openqa.selenium.remote.RemoteWebElement.click(RemoteWebElement.java:77)
	at jdk.internal.reflect.GeneratedMethodAccessor90.invoke(Unknown Source)
	at java.base/jdk.internal.reflect.DelegatingMethodAccessorImpl.invoke(DelegatingMethodAccessorImpl.java:43)
	at java.base/java.lang.reflect.Method.invoke(Method.java:568)
	at org.openqa.selenium.support.pagefactory.internal.LocatingElementHandler.invoke(LocatingElementHandler.java:51)
	at jdk.proxy2/jdk.proxy2.$Proxy32.click(Unknown Source)
	at com.automationexercise.utility.Utility.clickOnElement(Utility.java:54)
	at com.automationexercise.pages.LoginPage.clickOnContinueButton(LoginPage.java:251)
	at com.automationexercise.steps.RegisterSteps.clickContinueButton(RegisterSteps.java:86)
	at ✽.Click Continue button(file:///C:/Users/JEET/IdeaProjects/automation-exercise-cucumber/src/test/resources/features/register.feature:21)
</textarea>
      
      </div>
              </div>
              <div class="step skip-bg" title="com.automationexercise.steps.RegisterSteps.clickDeleteAccountButton()">
                <span>And Click Delete Account button</span>
      <div>Step skipped
      </div>
              </div>
              <div class="step skip-bg" title="com.automationexercise.steps.RegisterSteps.verifyThatACCOUNTDELETEDIsVisibleAndClickContinueButton(java.lang.String)">
                <span>And Verify that 'ACCOUNT DELETED!' is visible and click 'Continue' button</span>
      <div>Step skipped
      </div>
              </div>
              <div class="step fail-bg" title="AFTER">
                <span>com.automationexercise.steps.Hooks.tearDown(io.cucumber.java.Scenario)</span>
      <div>
        <textarea disabled class="code-block">org.openqa.selenium.WebDriverException: disconnected: not connected to DevTools
  (failed to check if window was closed: disconnected: not connected to DevTools)
  (Session info: chrome=120.0.6099.130)
Build info: version: '4.15.0', revision: '1d14b5521b'
System info: os.name: 'Windows 10', os.arch: 'amd64', os.version: '10.0', java.version: '17.0.8'
Driver info: org.openqa.selenium.chrome.ChromeDriver
Command: [0add0fbeaaeaef6b14fe135454e85252, screenshot {}]
Capabilities {acceptInsecureCerts: false, browserName: chrome, browserVersion: 120.0.6099.130, chrome: {chromedriverVersion: 120.0.6099.109 (3419140ab66..., userDataDir: C:\Users\JEET\AppData\Local...}, fedcm:accounts: true, goog:chromeOptions: {debuggerAddress: localhost:63530}, networkConnectionEnabled: false, pageLoadStrategy: normal, platformName: windows, proxy: Proxy(), se:cdp: ws://localhost:63530/devtoo..., se:cdpVersion: 120.0.6099.130, setWindowRect: true, strictFileInteractability: false, timeouts: {implicit: 0, pageLoad: 300000, script: 30000}, unhandledPromptBehavior: dismiss and notify, webauthn:extension:credBlob: true, webauthn:extension:largeBlob: true, webauthn:extension:minPinLength: true, webauthn:extension:prf: true, webauthn:virtualAuthenticators: true}
Session ID: 0add0fbeaaeaef6b14fe135454e85252
	at java.base/jdk.internal.reflect.NativeConstructorAccessorImpl.newInstance0(Native Method)
	at java.base/jdk.internal.reflect.NativeConstructorAccessorImpl.newInstance(NativeConstructorAccessorImpl.java:77)
	at java.base/jdk.internal.reflect.DelegatingConstructorAccessorImpl.newInstance(DelegatingConstructorAccessorImpl.java:45)
	at java.base/java.lang.reflect.Constructor.newInstanceWithCaller(Constructor.java:499)
	at java.base/java.lang.reflect.Constructor.newInstance(Constructor.java:480)
	at org.openqa.selenium.remote.codec.w3c.W3CHttpResponseCodec.createException(W3CHttpResponseCodec.java:200)
	at org.openqa.selenium.remote.codec.w3c.W3CHttpResponseCodec.decode(W3CHttpResponseCodec.java:133)
	at org.openqa.selenium.remote.codec.w3c.W3CHttpResponseCodec.decode(W3CHttpResponseCodec.java:52)
	at org.openqa.selenium.remote.HttpCommandExecutor.execute(HttpCommandExecutor.java:191)
	at org.openqa.selenium.remote.service.DriverCommandExecutor.invokeExecute(DriverCommandExecutor.java:200)
	at org.openqa.selenium.remote.service.DriverCommandExecutor.execute(DriverCommandExecutor.java:175)
	at org.openqa.selenium.remote.RemoteWebDriver.execute(RemoteWebDriver.java:607)
	at org.openqa.selenium.remote.RemoteWebDriver.execute(RemoteWebDriver.java:680)
	at org.openqa.selenium.remote.RemoteWebDriver.execute(RemoteWebDriver.java:684)
	at org.openqa.selenium.remote.RemoteWebDriver.getScreenshotAs(RemoteWebDriver.java:330)
	at com.automationexercise.utility.Utility.getScreenShot(Utility.java:376)
	at com.automationexercise.steps.Hooks.tearDown(Hooks.java:19)
</textarea>
      
      </div>
              </div>
          </div>
        </div>
  </div>
  <div class="card">
    <div class="card-header" role="tab">
      <div class="card-title">
        <div class="node" id="240"><span class="badge log fail-bg mr-2">Fail</span>Register User with existing email</div>
      </div>
    </div>
        <div class="">
          <div class="card-body">
              <div class="step pass-bg" title="com.automationexercise.steps.RegisterSteps.iAmOnHomepage()">
                <span>Given I am on homepage</span>
      <div>
      </div>
              </div>
              <div class="step pass-bg" title="com.automationexercise.steps.RegisterSteps.clickSignupLink(java.lang.String)">
                <span>When Click 'Signup' link</span>
      <div>
      </div>
              </div>
              <div class="step pass-bg" title="com.automationexercise.steps.RegisterSteps.verifyNewUserSignupIsVisible(java.lang.String)">
                <span>And Verify 'New User Signup!' is visible</span>
      <div>
      </div>
              </div>
              <div class="step pass-bg" title="com.automationexercise.steps.RegisterSteps.enterNameAndAlreadyRegisteredEmailAddress()">
                <span>Then Enter name and already registered email address</span>
      <div>
      </div>
              </div>
              <div class="step pass-bg" title="com.automationexercise.steps.RegisterSteps.clickSignupButton(java.lang.String)">
                <span>And Click 'Signup' button</span>
      <div>
      </div>
              </div>
              <div class="step fail-bg" title="com.automationexercise.steps.RegisterSteps.verifyErrorEmailAddressAlreadyExistIsVisible()">
                <span>And Verify error Email Address already exist! is visible</span>
      <div>
        <textarea disabled class="code-block">org.openqa.selenium.NoSuchWindowException: no such window: target window already closed
from unknown error: web view not found
  (Session info: chrome=120.0.6099.130)
Build info: version: '4.15.0', revision: '1d14b5521b'
System info: os.name: 'Windows 10', os.arch: 'amd64', os.version: '10.0', java.version: '17.0.8'
Driver info: org.openqa.selenium.chrome.ChromeDriver
Command: [4a525f66107f4efe4c03b657fd959083, findElement {using=xpath, value=//p[normalize-space()='Email Address already exist!']}]
Capabilities {acceptInsecureCerts: false, browserName: chrome, browserVersion: 120.0.6099.130, chrome: {chromedriverVersion: 120.0.6099.109 (3419140ab66..., userDataDir: C:\Users\JEET\AppData\Local...}, fedcm:accounts: true, goog:chromeOptions: {debuggerAddress: localhost:63579}, networkConnectionEnabled: false, pageLoadStrategy: normal, platformName: windows, proxy: Proxy(), se:cdp: ws://localhost:63579/devtoo..., se:cdpVersion: 120.0.6099.130, setWindowRect: true, strictFileInteractability: false, timeouts: {implicit: 0, pageLoad: 300000, script: 30000}, unhandledPromptBehavior: dismiss and notify, webauthn:extension:credBlob: true, webauthn:extension:largeBlob: true, webauthn:extension:minPinLength: true, webauthn:extension:prf: true, webauthn:virtualAuthenticators: true}
Session ID: 4a525f66107f4efe4c03b657fd959083
	at java.base/jdk.internal.reflect.NativeConstructorAccessorImpl.newInstance0(Native Method)
	at java.base/jdk.internal.reflect.NativeConstructorAccessorImpl.newInstance(NativeConstructorAccessorImpl.java:77)
	at java.base/jdk.internal.reflect.DelegatingConstructorAccessorImpl.newInstance(DelegatingConstructorAccessorImpl.java:45)
	at java.base/java.lang.reflect.Constructor.newInstanceWithCaller(Constructor.java:499)
	at java.base/java.lang.reflect.Constructor.newInstance(Constructor.java:480)
	at org.openqa.selenium.remote.codec.w3c.W3CHttpResponseCodec.createException(W3CHttpResponseCodec.java:200)
	at org.openqa.selenium.remote.codec.w3c.W3CHttpResponseCodec.decode(W3CHttpResponseCodec.java:133)
	at org.openqa.selenium.remote.codec.w3c.W3CHttpResponseCodec.decode(W3CHttpResponseCodec.java:52)
	at org.openqa.selenium.remote.HttpCommandExecutor.execute(HttpCommandExecutor.java:191)
	at org.openqa.selenium.remote.service.DriverCommandExecutor.invokeExecute(DriverCommandExecutor.java:200)
	at org.openqa.selenium.remote.service.DriverCommandExecutor.execute(DriverCommandExecutor.java:175)
	at org.openqa.selenium.remote.RemoteWebDriver.execute(RemoteWebDriver.java:607)
	at org.openqa.selenium.remote.ElementLocation$ElementFinder$2.findElement(ElementLocation.java:165)
	at org.openqa.selenium.remote.ElementLocation.findElement(ElementLocation.java:59)
	at org.openqa.selenium.remote.RemoteWebDriver.findElement(RemoteWebDriver.java:364)
	at org.openqa.selenium.remote.RemoteWebDriver.findElement(RemoteWebDriver.java:358)
	at org.openqa.selenium.support.pagefactory.DefaultElementLocator.findElement(DefaultElementLocator.java:68)
	at org.openqa.selenium.support.pagefactory.internal.LocatingElementHandler.invoke(LocatingElementHandler.java:38)
	at jdk.proxy2/jdk.proxy2.$Proxy32.getText(Unknown Source)
	at com.automationexercise.utility.Utility.getTextFromElement(Utility.java:65)
	at com.automationexercise.pages.LoginPage.verifyEmailAddressAlreadyExist(LoginPage.java:269)
	at com.automationexercise.steps.RegisterSteps.verifyErrorEmailAddressAlreadyExistIsVisible(RegisterSteps.java:109)
	at ✽.Verify error Email Address already exist! is visible(file:///C:/Users/JEET/IdeaProjects/automation-exercise-cucumber/src/test/resources/features/register.feature:31)
</textarea>
      
      </div>
              </div>
              <div class="step fail-bg" title="AFTER">
                <span>com.automationexercise.steps.Hooks.tearDown(io.cucumber.java.Scenario)</span>
      <div>
        <textarea disabled class="code-block">org.openqa.selenium.NoSuchWindowException: no such window: target window already closed
from unknown error: web view not found
  (Session info: chrome=120.0.6099.130)
Build info: version: '4.15.0', revision: '1d14b5521b'
System info: os.name: 'Windows 10', os.arch: 'amd64', os.version: '10.0', java.version: '17.0.8'
Driver info: org.openqa.selenium.chrome.ChromeDriver
Command: [4a525f66107f4efe4c03b657fd959083, screenshot {}]
Capabilities {acceptInsecureCerts: false, browserName: chrome, browserVersion: 120.0.6099.130, chrome: {chromedriverVersion: 120.0.6099.109 (3419140ab66..., userDataDir: C:\Users\JEET\AppData\Local...}, fedcm:accounts: true, goog:chromeOptions: {debuggerAddress: localhost:63579}, networkConnectionEnabled: false, pageLoadStrategy: normal, platformName: windows, proxy: Proxy(), se:cdp: ws://localhost:63579/devtoo..., se:cdpVersion: 120.0.6099.130, setWindowRect: true, strictFileInteractability: false, timeouts: {implicit: 0, pageLoad: 300000, script: 30000}, unhandledPromptBehavior: dismiss and notify, webauthn:extension:credBlob: true, webauthn:extension:largeBlob: true, webauthn:extension:minPinLength: true, webauthn:extension:prf: true, webauthn:virtualAuthenticators: true}
Session ID: 4a525f66107f4efe4c03b657fd959083
	at java.base/jdk.internal.reflect.NativeConstructorAccessorImpl.newInstance0(Native Method)
	at java.base/jdk.internal.reflect.NativeConstructorAccessorImpl.newInstance(NativeConstructorAccessorImpl.java:77)
	at java.base/jdk.internal.reflect.DelegatingConstructorAccessorImpl.newInstance(DelegatingConstructorAccessorImpl.java:45)
	at java.base/java.lang.reflect.Constructor.newInstanceWithCaller(Constructor.java:499)
	at java.base/java.lang.reflect.Constructor.newInstance(Constructor.java:480)
	at org.openqa.selenium.remote.codec.w3c.W3CHttpResponseCodec.createException(W3CHttpResponseCodec.java:200)
	at org.openqa.selenium.remote.codec.w3c.W3CHttpResponseCodec.decode(W3CHttpResponseCodec.java:133)
	at org.openqa.selenium.remote.codec.w3c.W3CHttpResponseCodec.decode(W3CHttpResponseCodec.java:52)
	at org.openqa.selenium.remote.HttpCommandExecutor.execute(HttpCommandExecutor.java:191)
	at org.openqa.selenium.remote.service.DriverCommandExecutor.invokeExecute(DriverCommandExecutor.java:200)
	at org.openqa.selenium.remote.service.DriverCommandExecutor.execute(DriverCommandExecutor.java:175)
	at org.openqa.selenium.remote.RemoteWebDriver.execute(RemoteWebDriver.java:607)
	at org.openqa.selenium.remote.RemoteWebDriver.execute(RemoteWebDriver.java:680)
	at org.openqa.selenium.remote.RemoteWebDriver.execute(RemoteWebDriver.java:684)
	at org.openqa.selenium.remote.RemoteWebDriver.getScreenshotAs(RemoteWebDriver.java:330)
	at com.automationexercise.utility.Utility.getScreenShot(Utility.java:376)
	at com.automationexercise.steps.Hooks.tearDown(Hooks.java:19)
</textarea>
      
      </div>
              </div>
          </div>
        </div>
  </div>
</div>
          </div>
        </li>
      </ul>
    </div>
  </div>
<div class="test-content scrollable">
<div class="test-content-tools">
<ul><li><a class="back-to-test" href="#"><i class="fa fa-arrow-left"></i></a></li></ul>
</div>
<div class="test-content-detail"><div class="detail-body"></div></div>
</div></div>
<div class="test-wrapper row view category-view attributes-view">
<div class="test-list">
<div class="test-list-tools">
<ul class="tools pull-left"><li><a href=""><span class="font-size-14">Category</span></a></li></ul>
<ul class="tools text-right"><li><a href="#"><span class="badge badge-primary">2</span></a></li></ul>
</div>
<div class="test-list-wrapper scrollable">
<ul class="test-list-item">
<li class="test-item">
<div class="test-detail">
<span class="meta">
<span class='badge log badge-danger'>2</span>
</span>
<p class="name">@author_Amruta</p>
<p class="duration text-sm">2 tests</p>
</div>
<div class="test-contents d-none">
<div class="info">
<h4>@author_Amruta</h4>
<span status="fail" class='badge log badge-danger'>2 failed</span>
</div>
<table class='table table-sm mt-4'>
<thead>
<tr>
<th class="status-col">Status</th>
<th class="timestamp-col">Timestamp</th>
<th>TestName</th>
</tr>
</thead>
<tbody>
<tr class="tag-test-status" status="fail">
<td><span class="badge log fail-bg">Fail</span></td>
<td>15:09:18 pm</td>
<td>
<a href="#" class="linked" test-id='97' id='98'>User should Verify Subscription in home page</a>
<div class="">
<span class="badge badge-default">Homepage feature.User should Verify Subscription in home page</span>
</div>
</td>
</tr>
<tr class="tag-test-status" status="fail">
<td><span class="badge log fail-bg">Fail</span></td>
<td>15:09:34 pm</td>
<td>
<a href="#" class="linked" test-id='97' id='106'>User should verify Subscription in Cart page</a>
<div class="">
<span class="badge badge-default">Homepage feature.User should verify Subscription in Cart page</span>
</div>
</td>
</tr>
</tbody>
</table>
</div>
</li>
<li class="test-item">
<div class="test-detail">
<span class="meta">
<span class='badge log pass-bg'>11</span>
<span class='badge log badge-danger'>10</span>
</span>
<p class="name">@regression</p>
<p class="duration text-sm">21 tests</p>
</div>
<div class="test-contents d-none">
<div class="info">
<h4>@regression</h4>
<span status="pass" class='badge log pass-bg'>11 passed</span>
<span status="fail" class='badge log badge-danger'>10 failed</span>
</div>
<table class='table table-sm mt-4'>
<thead>
<tr>
<th class="status-col">Status</th>
<th class="timestamp-col">Timestamp</th>
<th>TestName</th>
</tr>
</thead>
<tbody>
<tr class="tag-test-status" status="pass">
<td><span class="badge log pass-bg">Pass</span></td>
<td>15:06:22 pm</td>
<td>
<a href="#" class="linked" test-id='1' id='2'>Verify Test Cases Page</a>
<div class="">
<span class="badge badge-default">As a user.Verify Test Cases Page</span>
</div>
</td>
</tr>
<tr class="tag-test-status" status="pass">
<td><span class="badge log pass-bg">Pass</span></td>
<td>15:06:37 pm</td>
<td>
<a href="#" class="linked" test-id='1' id='8'>Verify Subscription in home page</a>
<div class="">
<span class="badge badge-default">As a user.Verify Subscription in home page</span>
</div>
</td>
</tr>
<tr class="tag-test-status" status="pass">
<td><span class="badge log pass-bg">Pass</span></td>
<td>15:06:55 pm</td>
<td>
<a href="#" class="linked" test-id='1' id='16'>Verify Subscription in Cart page</a>
<div class="">
<span class="badge badge-default">As a user.Verify Subscription in Cart page</span>
</div>
</td>
</tr>
<tr class="tag-test-status" status="fail">
<td><span class="badge log fail-bg">Fail</span></td>
<td>15:07:11 pm</td>
<td>
<a href="#" class="linked" test-id='1' id='25'>User should Place Order: Register while Checkout</a>
<div class="">
<span class="badge badge-default">As a user.User should Place Order: Register while Checkout</span>
</div>
</td>
</tr>
<tr class="tag-test-status" status="pass">
<td><span class="badge log pass-bg">Pass</span></td>
<td>15:07:39 pm</td>
<td>
<a href="#" class="linked" test-id='1' id='49'>User should Place Order: Register before Checkout</a>
<div class="">
<span class="badge badge-default">As a user.User should Place Order: Register before Checkout</span>
</div>
</td>
</tr>
<tr class="tag-test-status" status="fail">
<td><span class="badge log fail-bg">Fail</span></td>
<td>15:08:17 pm</td>
<td>
<a href="#" class="linked" test-id='1' id='71'>User should place the order successfully : Login before Checkout</a>
<div class="">
<span class="badge badge-default">As a user.User should place the order successfully : Login before Checkout</span>
</div>
</td>
</tr>
<tr class="tag-test-status" status="pass">
<td><span class="badge log pass-bg">Pass</span></td>
<td>15:09:01 pm</td>
<td>
<a href="#" class="linked" test-id='1' id='89'>User should remove the product from cart</a>
<div class="">
<span class="badge badge-default">As a user.User should remove the product from cart</span>
</div>
</td>
</tr>
<tr class="tag-test-status" status="fail">
<td><span class="badge log fail-bg">Fail</span></td>
<td>15:09:18 pm</td>
<td>
<a href="#" class="linked" test-id='97' id='98'>User should Verify Subscription in home page</a>
<div class="">
<span class="badge badge-default">Homepage feature.User should Verify Subscription in home page</span>
</div>
</td>
</tr>
<tr class="tag-test-status" status="fail">
<td><span class="badge log fail-bg">Fail</span></td>
<td>15:09:34 pm</td>
<td>
<a href="#" class="linked" test-id='97' id='106'>User should verify Subscription in Cart page</a>
<div class="">
<span class="badge badge-default">Homepage feature.User should verify Subscription in Cart page</span>
</div>
</td>
</tr>
<tr class="tag-test-status" status="pass">
<td><span class="badge log pass-bg">Pass</span></td>
<td>15:09:49 pm</td>
<td>
<a href="#" class="linked" test-id='115' id='116'>Verify All Products and product detail page</a>
<div class="">
<span class="badge badge-default">Product page.Verify All Products and product detail page</span>
</div>
</td>
</tr>
<tr class="tag-test-status" status="pass">
<td><span class="badge log pass-bg">Pass</span></td>
<td>15:10:16 pm</td>
<td>
<a href="#" class="linked" test-id='115' id='130'>Search Product</a>
<div class="">
<span class="badge badge-default">Product page.Search Product</span>
</div>
</td>
</tr>
<tr class="tag-test-status" status="fail">
<td><span class="badge log fail-bg">Fail</span></td>
<td>15:10:33 pm</td>
<td>
<a href="#" class="linked" test-id='115' id='139'>Add Products in Cart</a>
<div class="">
<span class="badge badge-default">Product page.Add Products in Cart</span>
</div>
</td>
</tr>
<tr class="tag-test-status" status="pass">
<td><span class="badge log pass-bg">Pass</span></td>
<td>15:10:55 pm</td>
<td>
<a href="#" class="linked" test-id='115' id='146'>Verify Product quantity in Cart</a>
<div class="">
<span class="badge badge-default">Product page.Verify Product quantity in Cart</span>
</div>
</td>
</tr>
<tr class="tag-test-status" status="pass">
<td><span class="badge log pass-bg">Pass</span></td>
<td>15:11:14 pm</td>
<td>
<a href="#" class="linked" test-id='115' id='161'>User should view and cart brand products</a>
<div class="">
<span class="badge badge-default">Product page.User should view and cart brand products</span>
</div>
</td>
</tr>
<tr class="tag-test-status" status="pass">
<td><span class="badge log pass-bg">Pass</span></td>
<td>15:11:47 pm</td>
<td>
<a href="#" class="linked" test-id='170' id='171'>Contact Us Form</a>
<div class="">
<span class="badge badge-default">Contact Us Page.Contact Us Form</span>
</div>
</td>
</tr>
<tr class="tag-test-status" status="pass">
<td><span class="badge log pass-bg">Pass</span></td>
<td>15:12:00 pm</td>
<td>
<a href="#" class="linked" test-id='170' id='182'>User should view category products</a>
<div class="">
<span class="badge badge-default">Contact Us Page.User should view category products</span>
</div>
</td>
</tr>
<tr class="tag-test-status" status="fail">
<td><span class="badge log fail-bg">Fail</span></td>
<td>15:12:42 pm</td>
<td>
<a href="#" class="linked" test-id='193' id='194'>Login User with Correct email and password</a>
<div class="">
<span class="badge badge-default">Login functionality.Login User with Correct email and password</span>
</div>
</td>
</tr>
<tr class="tag-test-status" status="fail">
<td><span class="badge log fail-bg">Fail</span></td>
<td>15:13:19 pm</td>
<td>
<a href="#" class="linked" test-id='193' id='204'>Login User with incorrect email and password</a>
<div class="">
<span class="badge badge-default">Login functionality.Login User with incorrect email and password</span>
</div>
</td>
</tr>
<tr class="tag-test-status" status="fail">
<td><span class="badge log fail-bg">Fail</span></td>
<td>15:14:04 pm</td>
<td>
<a href="#" class="linked" test-id='193' id='213'>Logout User</a>
<div class="">
<span class="badge badge-default">Login functionality.Logout User</span>
</div>
</td>
</tr>
<tr class="tag-test-status" status="fail">
<td><span class="badge log fail-bg">Fail</span></td>
<td>15:14:25 pm</td>
<td>
<a href="#" class="linked" test-id='222' id='223'>Verify that user can register successfully</a>
<div class="">
<span class="badge badge-default">Login functionality.Verify that user can register successfully</span>
</div>
</td>
</tr>
<tr class="tag-test-status" status="fail">
<td><span class="badge log fail-bg">Fail</span></td>
<td>15:15:11 pm</td>
<td>
<a href="#" class="linked" test-id='222' id='240'>Register User with existing email</a>
<div class="">
<span class="badge badge-default">Login functionality.Register User with existing email</span>
</div>
</td>
</tr>
</tbody>
</table>
</div>
</li>
</ul>
</div>
</div>
<div class="test-content scrollable">
<div class="test-content-detail">
<div class="detail-body"></div>
</div>
</div>
</div><div class="test-wrapper row view exception-view attributes-view">
<div class="test-list">
<div class="test-list-tools">
<ul class="tools pull-left"><li><a href=""><span class="font-size-14">Exception</span></a></li></ul>
<ul class="tools text-right"><li><a href="#"><span class="badge badge-primary">5</span></a></li></ul>
</div>
<div class="test-list-wrapper scrollable">
<ul class="test-list-item">
<li class="test-item">
<div class="test-detail">
<span class="meta">
<span class='badge log badge-danger'>1</span>
</span>
<p class="name">java.lang.AssertionError</p>
<p class="duration text-sm">1 tests</p>
</div>
<div class="test-contents d-none">
<div class="info">
<h4>java.lang.AssertionError</h4>
<span status="fail" class='badge log badge-danger'>1 failed</span>
</div>
<table class='table table-sm mt-4'>
<thead>
<tr>
<th class="status-col">Status</th>
<th class="timestamp-col">Timestamp</th>
<th>TestName</th>
</tr>
</thead>
<tbody>
<tr class="tag-test-status" status="fail">
<td><span class="badge log fail-bg">Fail</span></td>
<td>15:07:39 pm</td>
<td>
<a href="#" class="linked" test-id='1' id='39'>Then I should see the text "Logged in as " "Shraddha"</a>
<div class="">
<span class="badge badge-default">As a user.User should Place Order: Register while Checkout.Then I should see the text "Logged in as " "Shraddha"</span>
</div>
</td>
</tr>
</tbody>
</table>
</div>
</li>
<li class="test-item">
<div class="test-detail">
<span class="meta">
<span class='badge log badge-danger'>2</span>
</span>
<p class="name">org.openqa.selenium.WebDriverException</p>
<p class="duration text-sm">2 tests</p>
</div>
<div class="test-contents d-none">
<div class="info">
<h4>org.openqa.selenium.WebDriverException</h4>
<span status="fail" class='badge log badge-danger'>2 failed</span>
</div>
<table class='table table-sm mt-4'>
<thead>
<tr>
<th class="status-col">Status</th>
<th class="timestamp-col">Timestamp</th>
<th>TestName</th>
</tr>
</thead>
<tbody>
<tr class="tag-test-status" status="fail">
<td><span class="badge log fail-bg">Fail</span></td>
<td>15:14:39 pm</td>
<td>
<a href="#" class="linked" test-id='222' id='236'>And Click Continue button</a>
<div class="">
<span class="badge badge-default">Login functionality.Verify that user can register successfully.And Click Continue button</span>
</div>
</td>
</tr>
<tr class="tag-test-status" status="fail">
<td><span class="badge log fail-bg">Fail</span></td>
<td>15:15:11 pm</td>
<td>
<a href="#" class="linked" test-id='222' id='239'>com.automationexercise.steps.Hooks.tearDown(io.cucumber.java.Scenario)</a>
<div class="">
<span class="badge badge-default">Login functionality.Verify that user can register successfully.com.automationexercise.steps.Hooks.tearDown(io.cucumber.java.Scenario)</span>
</div>
</td>
</tr>
</tbody>
</table>
</div>
</li>
<li class="test-item">
<div class="test-detail">
<span class="meta">
<span class='badge log badge-danger'>7</span>
</span>
<p class="name">org.openqa.selenium.NoSuchWindowException</p>
<p class="duration text-sm">7 tests</p>
</div>
<div class="test-contents d-none">
<div class="info">
<h4>org.openqa.selenium.NoSuchWindowException</h4>
<span status="fail" class='badge log badge-danger'>7 failed</span>
</div>
<table class='table table-sm mt-4'>
<thead>
<tr>
<th class="status-col">Status</th>
<th class="timestamp-col">Timestamp</th>
<th>TestName</th>
</tr>
</thead>
<tbody>
<tr class="tag-test-status" status="fail">
<td><span class="badge log fail-bg">Fail</span></td>
<td>15:09:01 pm</td>
<td>
<a href="#" class="linked" test-id='1' id='88'>com.automationexercise.steps.Hooks.tearDown(io.cucumber.java.Scenario)</a>
<div class="">
<span class="badge badge-default">As a user.User should place the order successfully : Login before Checkout.com.automationexercise.steps.Hooks.tearDown(io.cucumber.java.Scenario)</span>
</div>
</td>
</tr>
<tr class="tag-test-status" status="fail">
<td><span class="badge log fail-bg">Fail</span></td>
<td>15:13:18 pm</td>
<td>
<a href="#" class="linked" test-id='193' id='203'>com.automationexercise.steps.Hooks.tearDown(io.cucumber.java.Scenario)</a>
<div class="">
<span class="badge badge-default">Login functionality.Login User with Correct email and password.com.automationexercise.steps.Hooks.tearDown(io.cucumber.java.Scenario)</span>
</div>
</td>
</tr>
<tr class="tag-test-status" status="fail">
<td><span class="badge log fail-bg">Fail</span></td>
<td>15:14:04 pm</td>
<td>
<a href="#" class="linked" test-id='193' id='212'>com.automationexercise.steps.Hooks.tearDown(io.cucumber.java.Scenario)</a>
<div class="">
<span class="badge badge-default">Login functionality.Login User with incorrect email and password.com.automationexercise.steps.Hooks.tearDown(io.cucumber.java.Scenario)</span>
</div>
</td>
</tr>
<tr class="tag-test-status" status="fail">
<td><span class="badge log fail-bg">Fail</span></td>
<td>15:14:15 pm</td>
<td>
<a href="#" class="linked" test-id='193' id='220'>And Verify that Logged in as username is visible</a>
<div class="">
<span class="badge badge-default">Login functionality.Logout User.And Verify that Logged in as username is visible</span>
</div>
</td>
</tr>
<tr class="tag-test-status" status="fail">
<td><span class="badge log fail-bg">Fail</span></td>
<td>15:14:25 pm</td>
<td>
<a href="#" class="linked" test-id='193' id='221'>com.automationexercise.steps.Hooks.tearDown(io.cucumber.java.Scenario)</a>
<div class="">
<span class="badge badge-default">Login functionality.Logout User.com.automationexercise.steps.Hooks.tearDown(io.cucumber.java.Scenario)</span>
</div>
</td>
</tr>
<tr class="tag-test-status" status="fail">
<td><span class="badge log fail-bg">Fail</span></td>
<td>15:15:27 pm</td>
<td>
<a href="#" class="linked" test-id='222' id='247'>And Verify error Email Address already exist! is visible</a>
<div class="">
<span class="badge badge-default">Login functionality.Register User with existing email.And Verify error Email Address already exist! is visible</span>
</div>
</td>
</tr>
<tr class="tag-test-status" status="fail">
<td><span class="badge log fail-bg">Fail</span></td>
<td>15:15:40 pm</td>
<td>
<a href="#" class="linked" test-id='222' id='248'>com.automationexercise.steps.Hooks.tearDown(io.cucumber.java.Scenario)</a>
<div class="">
<span class="badge badge-default">Login functionality.Register User with existing email.com.automationexercise.steps.Hooks.tearDown(io.cucumber.java.Scenario)</span>
</div>
</td>
</tr>
</tbody>
</table>
</div>
</li>
<li class="test-item">
<div class="test-detail">
<span class="meta">
<span class='badge log badge-danger'>1</span>
</span>
<p class="name">org.openqa.selenium.StaleElementReferenceException</p>
<p class="duration text-sm">1 tests</p>
</div>
<div class="test-contents d-none">
<div class="info">
<h4>org.openqa.selenium.StaleElementReferenceException</h4>
<span status="fail" class='badge log badge-danger'>1 failed</span>
</div>
<table class='table table-sm mt-4'>
<thead>
<tr>
<th class="status-col">Status</th>
<th class="timestamp-col">Timestamp</th>
<th>TestName</th>
</tr>
</thead>
<tbody>
<tr class="tag-test-status" status="fail">
<td><span class="badge log fail-bg">Fail</span></td>
<td>15:10:47 pm</td>
<td>
<a href="#" class="linked" test-id='115' id='144'>Then Click Continue Shopping button</a>
<div class="">
<span class="badge badge-default">Product page.Add Products in Cart.Then Click Continue Shopping button</span>
</div>
</td>
</tr>
</tbody>
</table>
</div>
</li>
<li class="test-item">
<div class="test-detail">
<span class="meta">
<span class='badge log badge-danger'>3</span>
</span>
<p class="name">org.openqa.selenium.NoSuchElementException</p>
<p class="duration text-sm">3 tests</p>
</div>
<div class="test-contents d-none">
<div class="info">
<h4>org.openqa.selenium.NoSuchElementException</h4>
<span status="fail" class='badge log badge-danger'>3 failed</span>
</div>
<table class='table table-sm mt-4'>
<thead>
<tr>
<th class="status-col">Status</th>
<th class="timestamp-col">Timestamp</th>
<th>TestName</th>
</tr>
</thead>
<tbody>
<tr class="tag-test-status" status="fail">
<td><span class="badge log fail-bg">Fail</span></td>
<td>15:08:32 pm</td>
<td>
<a href="#" class="linked" test-id='1' id='78'>Then I should see the text "Logged in as " "Shraddha"</a>
<div class="">
<span class="badge badge-default">As a user.User should place the order successfully : Login before Checkout.Then I should see the text "Logged in as " "Shraddha"</span>
</div>
</td>
</tr>
<tr class="tag-test-status" status="fail">
<td><span class="badge log fail-bg">Fail</span></td>
<td>15:13:00 pm</td>
<td>
<a href="#" class="linked" test-id='193' id='202'>And Verify that ACCOUNT DELETED! is visible</a>
<div class="">
<span class="badge badge-default">Login functionality.Login User with Correct email and password.And Verify that ACCOUNT DELETED! is visible</span>
</div>
</td>
</tr>
<tr class="tag-test-status" status="fail">
<td><span class="badge log fail-bg">Fail</span></td>
<td>15:13:32 pm</td>
<td>
<a href="#" class="linked" test-id='193' id='211'>And Verify error 'Your email or password is incorrect!' is visible</a>
<div class="">
<span class="badge badge-default">Login functionality.Login User with incorrect email and password.And Verify error 'Your email or password is incorrect!' is visible</span>
</div>
</td>
</tr>
</tbody>
</table>
</div>
</li>
</ul>
</div>
</div>
<div class="test-content scrollable">
<div class="test-content-detail">
<div class="detail-body"></div>
</div>
</div>
</div>        </div>
      </div>
    </div>
  </div>
<script src="https://cdn.jsdelivr.net/gh/extent-framework/extent-github-cdn@d6562a79075e061305ccfdb82f01e5e195e2d307/spark/js/spark-script.js"></script>
<script type="text/javascript"></script></body>
</html>